0 0.000002 inf inf 1376729869094479281125272748213666628598550935915948191902031988633800584634076747816380134311404864520904406305619904104580452082719893323793082597711005572792078973218296073415441719992833381805777222742416065565377164433141734151474140629024007765152158982402378523817624765277963209702641021959012352.000000
10 0.000020 0.999943 0.999914 0.000029
20 0.000038 0.999832 0.999727 0.000106
30 0.000057 0.999713 0.999488 0.000225
40 0.000075 0.999601 0.999223 0.000378
50 0.000094 0.999498 0.998943 0.000555
60 0.000112 0.999405 0.998654 0.000750
70 0.000131 0.999319 0.998358 0.000961
80 0.000149 0.999240 0.998056 0.001184
90 0.000168 0.999165 0.997747 0.001418
100 0.000186 0.999094 0.997433 0.001661
110 0.000205 0.999026 0.997114 0.001911
120 0.000224 0.998959 0.996791 0.002169
130 0.000242 0.998895 0.996463 0.002432
140 0.000261 0.998832 0.996131 0.002701
150 0.000280 0.998771 0.995797 0.002974
160 0.000299 0.998711 0.995459 0.003252
170 0.000317 0.998652 0.995119 0.003534
180 0.000336 0.998595 0.994776 0.003819
190 0.000355 0.998540 0.994432 0.004108
200 0.000374 0.998485 0.994085 0.004400
210 0.000393 0.998432 0.993736 0.004696
220 0.000412 0.998380 0.993386 0.004994
230 0.000431 0.998329 0.993034 0.005295
240 0.000450 0.998279 0.992681 0.005598
250 0.000469 0.998230 0.992326 0.005904
260 0.000488 0.998182 0.991970 0.006213
270 0.000507 0.998135 0.991612 0.006523
280 0.000526 0.998089 0.991253 0.006836
290 0.000545 0.998043 0.990892 0.007151
300 0.000564 0.997999 0.990531 0.007468
310 0.000583 0.997955 0.990168 0.007787
320 0.000603 0.997911 0.989804 0.008108
330 0.000622 0.997869 0.989438 0.008430
340 0.000641 0.997827 0.989072 0.008755
350 0.000660 0.997786 0.988705 0.009081
360 0.000680 0.997745 0.988337 0.009408
370 0.000699 0.997705 0.987968 0.009737
380 0.000718 0.997666 0.987599 0.010067
390 0.000738 0.997627 0.987228 0.010399
400 0.000757 0.997589 0.986857 0.010732
410 0.000777 0.997552 0.986485 0.011067
420 0.000796 0.997515 0.986112 0.011403
430 0.000816 0.997478 0.985739 0.011739
440 0.000835 0.997442 0.985365 0.012078
450 0.000855 0.997407 0.984990 0.012417
460 0.000875 0.997372 0.984615 0.012757
470 0.000894 0.997338 0.984239 0.013099
480 0.000914 0.997305 0.983863 0.013442
490 0.000934 0.997271 0.983486 0.013785
500 0.000953 0.997239 0.983109 0.014130
510 0.000973 0.997207 0.982731 0.014476
520 0.000993 0.997175 0.982353 0.014822
530 0.001013 0.997144 0.981974 0.015170
540 0.001033 0.997113 0.981595 0.015518
550 0.001053 0.997083 0.981215 0.015868
560 0.001073 0.997053 0.980835 0.016218
570 0.001093 0.997024 0.980454 0.016570
580 0.001113 0.996995 0.980073 0.016922
590 0.001133 0.996967 0.979692 0.017275
600 0.001153 0.996939 0.979310 0.017628
610 0.001173 0.996911 0.978929 0.017983
620 0.001193 0.996884 0.978546 0.018338
630 0.001213 0.996858 0.978164 0.018694
640 0.001233 0.996832 0.977781 0.019051
650 0.001253 0.996806 0.977398 0.019408
660 0.001274 0.996781 0.977015 0.019766
670 0.001294 0.996756 0.976631 0.020125
680 0.001314 0.996732 0.976247 0.020485
690 0.001335 0.996708 0.975863 0.020845
700 0.001355 0.996685 0.975479 0.021205
710 0.001375 0.996662 0.975095 0.021567
720 0.001396 0.996639 0.974710 0.021929
730 0.001416 0.996617 0.974326 0.022292
740 0.001437 0.996596 0.973941 0.022655
750 0.001457 0.996575 0.973556 0.023019
760 0.001478 0.996554 0.973171 0.023383
770 0.001498 0.996534 0.972785 0.023748
780 0.001519 0.996514 0.972400 0.024114
790 0.001540 0.996494 0.972014 0.024480
800 0.001560 0.996475 0.971629 0.024846
810 0.001581 0.996457 0.971243 0.025214
820 0.001602 0.996438 0.970857 0.025582
830 0.001623 0.996421 0.970471 0.025950
840 0.001644 0.996403 0.970084 0.026319
850 0.001665 0.996386 0.969698 0.026688
860 0.001685 0.996369 0.969311 0.027058
870 0.001706 0.996353 0.968925 0.027429
880 0.001727 0.996337 0.968538 0.027800
890 0.001748 0.996322 0.968151 0.028171
900 0.001769 0.996307 0.967764 0.028543
910 0.001791 0.996292 0.967377 0.028915
920 0.001812 0.996278 0.966989 0.029288
930 0.001833 0.996264 0.966602 0.029662
940 0.001854 0.996250 0.966214 0.030036
950 0.001875 0.996237 0.965826 0.030410
960 0.001897 0.996224 0.965438 0.030785
970 0.001918 0.996211 0.965050 0.031161
980 0.001939 0.996199 0.964662 0.031537
990 0.001961 0.996186 0.964273 0.031913
1000 0.001982 0.996175 0.963885 0.032290
1010 0.002003 0.996163 0.963496 0.032667
1020 0.002025 0.996152 0.963107 0.033045
1030 0.002046 0.996141 0.962718 0.033424
1040 0.002068 0.996131 0.962328 0.033802
1050 0.002090 0.996120 0.961939 0.034182
1060 0.002111 0.996110 0.961549 0.034562
1070 0.002133 0.996101 0.961158 0.034942
1080 0.002155 0.996091 0.960768 0.035323
1090 0.002176 0.996082 0.960377 0.035705
1100 0.002198 0.996073 0.959986 0.036087
1110 0.002220 0.996064 0.959595 0.036469
1120 0.002242 0.996056 0.959203 0.036853
1130 0.002264 0.996047 0.958811 0.037236
1140 0.002286 0.996039 0.958419 0.037620
1150 0.002308 0.996031 0.958026 0.038005
1160 0.002330 0.996024 0.957633 0.038391
1170 0.002352 0.996017 0.957240 0.038777
1180 0.002374 0.996010 0.956846 0.039163
1190 0.002396 0.996003 0.956453 0.039550
1200 0.002418 0.995996 0.956058 0.039938
1210 0.002440 0.995990 0.955664 0.040326
1220 0.002463 0.995984 0.955269 0.040714
1230 0.002485 0.995978 0.954874 0.041103
1240 0.002507 0.995972 0.954479 0.041493
1250 0.002530 0.995967 0.954083 0.041883
1260 0.002552 0.995961 0.953687 0.042274
1270 0.002575 0.995956 0.953291 0.042665
1280 0.002597 0.995951 0.952894 0.043057
1290 0.002620 0.995947 0.952497 0.043449
1300 0.002642 0.995942 0.952100 0.043842
1310 0.002665 0.995938 0.951702 0.044235
1320 0.002688 0.995933 0.951304 0.044629
1330 0.002710 0.995929 0.950906 0.045023
1340 0.002733 0.995925 0.950507 0.045418
1350 0.002756 0.995922 0.950108 0.045813
1360 0.002779 0.995918 0.949709 0.046209
1370 0.002802 0.995914 0.949309 0.046605
1380 0.002825 0.995911 0.948909 0.047002
1390 0.002848 0.995908 0.948508 0.047399
1400 0.002871 0.995904 0.948107 0.047797
1410 0.002894 0.995901 0.947706 0.048196
1420 0.002917 0.995898 0.947304 0.048595
1430 0.002940 0.995896 0.946901 0.048994
1440 0.002963 0.995893 0.946498 0.049394
1450 0.002986 0.995890 0.946095 0.049795
1460 0.003010 0.995888 0.945691 0.050197
1470 0.003033 0.995886 0.945287 0.050598
1480 0.003056 0.995883 0.944883 0.051001
1490 0.003080 0.995881 0.944477 0.051404
1500 0.003103 0.995879 0.944072 0.051808
1510 0.003127 0.995878 0.943666 0.052212
1520 0.003150 0.995876 0.943259 0.052617
1530 0.003174 0.995874 0.942852 0.053022
1540 0.003198 0.995873 0.942444 0.053429
1550 0.003221 0.995871 0.942036 0.053835
1560 0.003245 0.995870 0.941627 0.054243
1570 0.003269 0.995869 0.941218 0.054651
1580 0.003293 0.995867 0.940808 0.055060
1590 0.003317 0.995866 0.940397 0.055469
1600 0.003340 0.995865 0.939986 0.055879
1610 0.003364 0.995864 0.939574 0.056289
1620 0.003388 0.995863 0.939162 0.056701
1630 0.003413 0.995862 0.938749 0.057113
1640 0.003437 0.995861 0.938336 0.057525
1650 0.003461 0.995860 0.937922 0.057939
1660 0.003485 0.995860 0.937508 0.058352
1670 0.003509 0.995859 0.937092 0.058767
1680 0.003534 0.995859 0.936677 0.059182
1690 0.003558 0.995859 0.936261 0.059598
1700 0.003583 0.995859 0.935844 0.060015
1710 0.003607 0.995859 0.935427 0.060432
1720 0.003632 0.995859 0.935009 0.060850
1730 0.003656 0.995859 0.934591 0.061268
1740 0.003681 0.995859 0.934172 0.061687
1750 0.003705 0.995859 0.933752 0.062107
1760 0.003730 0.995860 0.933332 0.062528
1770 0.003755 0.995860 0.932911 0.062949
1780 0.003780 0.995860 0.932489 0.063370
1790 0.003805 0.995860 0.932067 0.063793
1800 0.003830 0.995860 0.931644 0.064216
1810 0.003855 0.995860 0.931220 0.064640
1820 0.003880 0.995860 0.930796 0.065065
1830 0.003905 0.995860 0.930370 0.065490
1840 0.003930 0.995860 0.929944 0.065916
1850 0.003955 0.995861 0.929518 0.066343
1860 0.003980 0.995861 0.929091 0.066771
1870 0.004006 0.995862 0.928663 0.067199
1880 0.004031 0.995862 0.928234 0.067628
1890 0.004057 0.995863 0.927805 0.068059
1900 0.004082 0.995864 0.927374 0.068490
1910 0.004108 0.995865 0.926944 0.068921
1920 0.004133 0.995866 0.926512 0.069354
1930 0.004159 0.995867 0.926080 0.069787
1940 0.004185 0.995868 0.925647 0.070221
1950 0.004210 0.995869 0.925213 0.070656
1960 0.004236 0.995870 0.924778 0.071092
1970 0.004262 0.995871 0.924343 0.071528
1980 0.004288 0.995872 0.923907 0.071965
1990 0.004314 0.995873 0.923470 0.072403
2000 0.004340 0.995873 0.923032 0.072842
2010 0.004366 0.995874 0.922593 0.073281
2020 0.004392 0.995875 0.922154 0.073721
2030 0.004419 0.995876 0.921714 0.074162
2040 0.004445 0.995877 0.921274 0.074603
2050 0.004471 0.995878 0.920833 0.075046
2060 0.004498 0.995880 0.920391 0.075489
2070 0.004524 0.995881 0.919948 0.075933
2080 0.004551 0.995883 0.919504 0.076378
2090 0.004577 0.995884 0.919060 0.076824
2100 0.004604 0.995886 0.918615 0.077270
2110 0.004631 0.995887 0.918169 0.077718
2120 0.004657 0.995889 0.917723 0.078166
2130 0.004684 0.995890 0.917275 0.078615
2140 0.004711 0.995891 0.916827 0.079065
2150 0.004738 0.995893 0.916377 0.079515
2160 0.004765 0.995894 0.915927 0.079967
2170 0.004792 0.995895 0.915476 0.080419
2180 0.004819 0.995896 0.915024 0.080872
2190 0.004847 0.995898 0.914571 0.081326
2200 0.004874 0.995899 0.914118 0.081781
2210 0.004901 0.995900 0.913663 0.082237
2220 0.004929 0.995901 0.913208 0.082693
2230 0.004956 0.995903 0.912752 0.083151
2240 0.004984 0.995904 0.912295 0.083609
2250 0.005011 0.995906 0.911837 0.084069
2260 0.005039 0.995907 0.911379 0.084529
2270 0.005067 0.995909 0.910919 0.084990
2280 0.005095 0.995911 0.910459 0.085452
2290 0.005122 0.995913 0.909998 0.085915
2300 0.005150 0.995914 0.909536 0.086378
2310 0.005178 0.995916 0.909074 0.086843
2320 0.005206 0.995918 0.908610 0.087308
2330 0.005235 0.995920 0.908146 0.087774
2340 0.005263 0.995922 0.907681 0.088241
2350 0.005291 0.995924 0.907215 0.088708
2360 0.005319 0.995925 0.906748 0.089177
2370 0.005348 0.995927 0.906281 0.089646
2380 0.005376 0.995928 0.905813 0.090116
2390 0.005405 0.995930 0.905344 0.090586
2400 0.005433 0.995931 0.904874 0.091058
2410 0.005462 0.995933 0.904403 0.091530
2420 0.005491 0.995935 0.903931 0.092003
2430 0.005520 0.995936 0.903459 0.092478
2440 0.005548 0.995938 0.902986 0.092953
2450 0.005577 0.995940 0.902511 0.093428
2460 0.005606 0.995942 0.902037 0.093905
2470 0.005635 0.995944 0.901561 0.094383
2480 0.005665 0.995946 0.901084 0.094862
2490 0.005694 0.995948 0.900607 0.095341
2500 0.005723 0.995950 0.900128 0.095821
2510 0.005752 0.995952 0.899650 0.096302
2520 0.005782 0.995953 0.899172 0.096782
2530 0.005811 0.995955 0.898694 0.097261
2540 0.005840 0.995957 0.898216 0.097740
2550 0.005869 0.995958 0.897739 0.098219
2560 0.005899 0.995960 0.897263 0.098697
2570 0.005928 0.995962 0.896787 0.099174
2580 0.005957 0.995963 0.896312 0.099651
2590 0.005986 0.995965 0.895838 0.100127
2600 0.006015 0.995967 0.895364 0.100603
2610 0.006045 0.995969 0.894892 0.101078
2620 0.006074 0.995972 0.894419 0.101552
2630 0.006103 0.995974 0.893948 0.102026
2640 0.006132 0.995976 0.893477 0.102499
2650 0.006161 0.995978 0.893006 0.102972
2660 0.006190 0.995981 0.892537 0.103444
2670 0.006219 0.995983 0.892067 0.103915
2680 0.006248 0.995984 0.891598 0.104386
2690 0.006277 0.995986 0.891130 0.104856
2700 0.006306 0.995988 0.890662 0.105326
2710 0.006335 0.995989 0.890194 0.105795
2720 0.006364 0.995991 0.889727 0.106264
2730 0.006393 0.995993 0.889260 0.106733
2740 0.006422 0.995994 0.888794 0.107201
2750 0.006451 0.995996 0.888328 0.107668
2760 0.006480 0.995998 0.887862 0.108136
2770 0.006509 0.996000 0.887397 0.108603
2780 0.006538 0.996002 0.886933 0.109069
2790 0.006567 0.996004 0.886468 0.109536
2800 0.006596 0.996006 0.886005 0.110001
2810 0.006625 0.996008 0.885541 0.110467
2820 0.006654 0.996010 0.885078 0.110932
2830 0.006682 0.996012 0.884616 0.111396
2840 0.006711 0.996014 0.884154 0.111860
2850 0.006740 0.996016 0.883693 0.112323
2860 0.006769 0.996017 0.883232 0.112785
2870 0.006798 0.996019 0.882772 0.113247
2880 0.006827 0.996021 0.882313 0.113708
2890 0.006855 0.996023 0.881854 0.114169
2900 0.006884 0.996024 0.881396 0.114629
2910 0.006913 0.996026 0.880938 0.115088
2920 0.006942 0.996028 0.880482 0.115547
2930 0.006970 0.996030 0.880026 0.116005
2940 0.006999 0.996032 0.879570 0.116462
2950 0.007028 0.996035 0.879115 0.116919
2960 0.007057 0.996037 0.878661 0.117376
2970 0.007085 0.996039 0.878206 0.117832
2980 0.007114 0.996041 0.877753 0.118288
2990 0.007142 0.996043 0.877300 0.118743
3000 0.007171 0.996044 0.876847 0.119198
3010 0.007200 0.996046 0.876394 0.119652
3020 0.007228 0.996048 0.875942 0.120105
3030 0.007257 0.996049 0.875491 0.120559
3040 0.007286 0.996051 0.875040 0.121011
3050 0.007314 0.996052 0.874589 0.121464
3060 0.007343 0.996054 0.874139 0.121916
3070 0.007371 0.996056 0.873689 0.122367
3080 0.007400 0.996058 0.873239 0.122818
3090 0.007429 0.996059 0.872790 0.123269
3100 0.007457 0.996061 0.872342 0.123719
3110 0.007486 0.996063 0.871894 0.124169
3120 0.007514 0.996066 0.871447 0.124618
3130 0.007543 0.996068 0.871000 0.125067
3140 0.007571 0.996070 0.870554 0.125515
3150 0.007600 0.996072 0.870109 0.125963
3160 0.007628 0.996073 0.869664 0.126410
3170 0.007657 0.996075 0.869220 0.126856
3180 0.007685 0.996077 0.868776 0.127301
3190 0.007713 0.996079 0.868333 0.127746
3200 0.007742 0.996080 0.867890 0.128190
3210 0.007770 0.996082 0.867448 0.128634
3220 0.007799 0.996084 0.867007 0.129077
3230 0.007827 0.996085 0.866566 0.129519
3240 0.007855 0.996087 0.866126 0.129961
3250 0.007884 0.996089 0.865686 0.130403
3260 0.007912 0.996091 0.865247 0.130844
3270 0.007940 0.996093 0.864808 0.131285
3280 0.007969 0.996095 0.864370 0.131725
3290 0.007997 0.996097 0.863932 0.132165
3300 0.008025 0.996099 0.863494 0.132604
3310 0.008054 0.996101 0.863057 0.133043
3320 0.008082 0.996103 0.862621 0.133482
3330 0.008110 0.996104 0.862184 0.133920
3340 0.008138 0.996106 0.861749 0.134357
3350 0.008167 0.996107 0.861313 0.134794
3360 0.008195 0.996109 0.860878 0.135231
3370 0.008223 0.996110 0.860443 0.135667
3380 0.008251 0.996112 0.860010 0.136102
3390 0.008280 0.996113 0.859576 0.136537
3400 0.008308 0.996115 0.859143 0.136972
3410 0.008336 0.996117 0.858711 0.137406
3420 0.008364 0.996119 0.858280 0.137839
3430 0.008392 0.996121 0.857849 0.138272
3440 0.008420 0.996123 0.857418 0.138705
3450 0.008448 0.996125 0.856989 0.139137
3460 0.008477 0.996127 0.856560 0.139568
3470 0.008505 0.996129 0.856131 0.139998
3480 0.008533 0.996131 0.855703 0.140428
3490 0.008561 0.996133 0.855275 0.140857
3500 0.008589 0.996134 0.854848 0.141286
3510 0.008617 0.996136 0.854422 0.141714
3520 0.008645 0.996137 0.853996 0.142142
3530 0.008673 0.996139 0.853570 0.142569
3540 0.008701 0.996140 0.853145 0.142995
3550 0.008729 0.996142 0.852721 0.143421
3560 0.008757 0.996144 0.852297 0.143847
3570 0.008785 0.996146 0.851873 0.144272
3580 0.008813 0.996148 0.851450 0.144697
3590 0.008841 0.996150 0.851028 0.145122
3600 0.008869 0.996152 0.850606 0.145546
3610 0.008897 0.996153 0.850184 0.145970
3620 0.008925 0.996155 0.849763 0.146393
3630 0.008953 0.996157 0.849342 0.146815
3640 0.008981 0.996158 0.848921 0.147237
3650 0.009009 0.996160 0.848501 0.147659
3660 0.009037 0.996161 0.848082 0.148080
3670 0.009065 0.996163 0.847663 0.148500
3680 0.009092 0.996164 0.847244 0.148920
3690 0.009120 0.996166 0.846827 0.149339
3700 0.009148 0.996167 0.846410 0.149758
3710 0.009176 0.996169 0.845993 0.150176
3720 0.009204 0.996171 0.845577 0.150594
3730 0.009232 0.996173 0.845162 0.151011
3740 0.009260 0.996175 0.844747 0.151428
3750 0.009287 0.996177 0.844333 0.151844
3760 0.009315 0.996179 0.843920 0.152259
3770 0.009343 0.996181 0.843507 0.152674
3780 0.009371 0.996183 0.843094 0.153089
3790 0.009398 0.996184 0.842682 0.153502
3800 0.009426 0.996186 0.842270 0.153916
3810 0.009454 0.996187 0.841859 0.154328
3820 0.009482 0.996188 0.841448 0.154740
3830 0.009509 0.996190 0.841038 0.155152
3840 0.009537 0.996191 0.840628 0.155563
3850 0.009565 0.996193 0.840219 0.155974
3860 0.009592 0.996195 0.839810 0.156384
3870 0.009620 0.996197 0.839402 0.156794
3880 0.009648 0.996198 0.838995 0.157204
3890 0.009675 0.996200 0.838587 0.157613
3900 0.009703 0.996202 0.838181 0.158022
3910 0.009731 0.996204 0.837774 0.158430
3920 0.009758 0.996206 0.837368 0.158837
3930 0.009786 0.996207 0.836963 0.159244
3940 0.009814 0.996209 0.836558 0.159651
3950 0.009841 0.996210 0.836153 0.160057
3960 0.009869 0.996212 0.835750 0.160462
3970 0.009896 0.996213 0.835346 0.160867
3980 0.009924 0.996215 0.834943 0.161271
3990 0.009952 0.996216 0.834541 0.161675
4000 0.009979 0.996218 0.834140 0.162078
4010 0.010007 0.996220 0.833739 0.162481
4020 0.010034 0.996221 0.833339 0.162883
4030 0.010062 0.996223 0.832939 0.163284
4040 0.010089 0.996225 0.832540 0.163685
4050 0.010117 0.996227 0.832141 0.164086
4060 0.010144 0.996229 0.831743 0.164486
4070 0.010172 0.996231 0.831345 0.164886
4080 0.010199 0.996232 0.830948 0.165284
4090 0.010227 0.996234 0.830551 0.165683
4100 0.010254 0.996235 0.830155 0.166081
4110 0.010282 0.996236 0.829759 0.166478
4120 0.010309 0.996238 0.829363 0.166875
4130 0.010336 0.996239 0.828968 0.167271
4140 0.010364 0.996241 0.828574 0.167667
4150 0.010391 0.996242 0.828180 0.168062
4160 0.010419 0.996244 0.827787 0.168457
4170 0.010446 0.996246 0.827394 0.168852
4180 0.010473 0.996247 0.827001 0.169246
4190 0.010501 0.996249 0.826609 0.169640
4200 0.010528 0.996251 0.826218 0.170033
4210 0.010555 0.996253 0.825827 0.170426
4220 0.010583 0.996255 0.825437 0.170818
4230 0.010610 0.996256 0.825047 0.171210
4240 0.010638 0.996258 0.824657 0.171600
4250 0.010665 0.996259 0.824268 0.171991
4260 0.010692 0.996260 0.823880 0.172381
4270 0.010719 0.996262 0.823492 0.172770
4280 0.010747 0.996263 0.823105 0.173158
4290 0.010774 0.996265 0.822718 0.173546
4300 0.010801 0.996266 0.822332 0.173934
4310 0.010828 0.996268 0.821947 0.174321
4320 0.010856 0.996270 0.821562 0.174708
4330 0.010883 0.996272 0.821177 0.175094
4340 0.010910 0.996273 0.820793 0.175480
4350 0.010937 0.996275 0.820410 0.175865
4360 0.010965 0.996277 0.820027 0.176250
4370 0.010992 0.996278 0.819644 0.176634
4380 0.011019 0.996280 0.819262 0.177018
4390 0.011046 0.996281 0.818881 0.177401
4400 0.011073 0.996283 0.818500 0.177783
4410 0.011101 0.996284 0.818119 0.178165
4420 0.011128 0.996285 0.817739 0.178547
4430 0.011155 0.996287 0.817359 0.178928
4440 0.011182 0.996288 0.816980 0.179308
4450 0.011209 0.996290 0.816601 0.179688
4460 0.011236 0.996291 0.816223 0.180068
4470 0.011263 0.996293 0.815846 0.180448
4480 0.011290 0.996295 0.815469 0.180826
4490 0.011318 0.996297 0.815092 0.181205
4500 0.011345 0.996298 0.814716 0.181583
4510 0.011372 0.996300 0.814340 0.181960
4520 0.011399 0.996302 0.813965 0.182336
4530 0.011426 0.996303 0.813591 0.182712
4540 0.011453 0.996304 0.813217 0.183088
4550 0.011480 0.996306 0.812843 0.183463
4560 0.011507 0.996307 0.812470 0.183837
4570 0.011534 0.996308 0.812098 0.184211
4580 0.011561 0.996310 0.811726 0.184584
4590 0.011588 0.996311 0.811354 0.184957
4600 0.011615 0.996313 0.810984 0.185329
4610 0.011642 0.996315 0.810614 0.185701
4620 0.011669 0.996316 0.810244 0.186072
4630 0.011696 0.996318 0.809875 0.186443
4640 0.011723 0.996320 0.809506 0.186814
4650 0.011750 0.996322 0.809138 0.187184
4660 0.011777 0.996323 0.808770 0.187553
4670 0.011804 0.996325 0.808402 0.187922
4680 0.011831 0.996326 0.808035 0.188290
4690 0.011858 0.996327 0.807669 0.188658
4700 0.011885 0.996328 0.807303 0.189025
4710 0.011911 0.996330 0.806937 0.189392
4720 0.011938 0.996331 0.806572 0.189758
4730 0.011965 0.996332 0.806208 0.190124
4740 0.011992 0.996334 0.805844 0.190490
4750 0.012019 0.996336 0.805481 0.190855
4760 0.012046 0.996337 0.805118 0.191219
4770 0.012073 0.996339 0.804756 0.191583
4780 0.012100 0.996341 0.804394 0.191947
4790 0.012126 0.996343 0.804033 0.192310
4800 0.012153 0.996344 0.803672 0.192672
4810 0.012180 0.996346 0.803312 0.193034
4820 0.012207 0.996347 0.802952 0.193395
4830 0.012234 0.996348 0.802593 0.193756
4840 0.012261 0.996349 0.802234 0.194116
4850 0.012287 0.996351 0.801875 0.194475
4860 0.012314 0.996352 0.801518 0.194834
4870 0.012341 0.996353 0.801161 0.195193
4880 0.012368 0.996355 0.800804 0.195551
4890 0.012394 0.996356 0.800448 0.195908
4900 0.012421 0.996358 0.800093 0.196266
4910 0.012448 0.996360 0.799738 0.196622
4920 0.012475 0.996362 0.799383 0.196979
4930 0.012501 0.996363 0.799029 0.197334
4940 0.012528 0.996365 0.798675 0.197690
4950 0.012555 0.996366 0.798322 0.198044
4960 0.012581 0.996368 0.797969 0.198399
4970 0.012608 0.996369 0.797617 0.198752
4980 0.012635 0.996370 0.797265 0.199105
4990 0.012661 0.996371 0.796913 0.199458
5000 0.012688 0.996372 0.796563 0.199810
5010 0.012715 0.996374 0.796212 0.200161
5020 0.012741 0.996375 0.795863 0.200513
5030 0.012768 0.996377 0.795514 0.200863
5040 0.012795 0.996379 0.795165 0.201214
5050 0.012821 0.996380 0.794817 0.201563
5060 0.012848 0.996382 0.794469 0.201913
5070 0.012875 0.996384 0.794122 0.202261
5080 0.012901 0.996385 0.793776 0.202610
5090 0.012928 0.996387 0.793429 0.202957
5100 0.012954 0.996388 0.793084 0.203304
5110 0.012981 0.996389 0.792739 0.203651
5120 0.013008 0.996390 0.792394 0.203997
5130 0.013034 0.996392 0.792050 0.204342
5140 0.013061 0.996393 0.791706 0.204687
5150 0.013087 0.996394 0.791363 0.205031
5160 0.013114 0.996396 0.791020 0.205375
5170 0.013140 0.996397 0.790679 0.205719
5180 0.013167 0.996399 0.790337 0.206062
5190 0.013193 0.996401 0.789996 0.206404
5200 0.013220 0.996402 0.789656 0.206747
5210 0.013246 0.996404 0.789316 0.207088
5220 0.013273 0.996405 0.788976 0.207429
5230 0.013299 0.996407 0.788637 0.207770
5240 0.013326 0.996408 0.788298 0.208110
5250 0.013352 0.996409 0.787960 0.208450
5260 0.013379 0.996410 0.787622 0.208788
5270 0.013405 0.996411 0.787285 0.209127
5280 0.013432 0.996413 0.786948 0.209465
5290 0.013458 0.996414 0.786612 0.209802
5300 0.013485 0.996415 0.786276 0.210139
5310 0.013511 0.996417 0.785941 0.210476
5320 0.013537 0.996419 0.785607 0.210812
5330 0.013564 0.996420 0.785273 0.211148
5340 0.013590 0.996422 0.784939 0.211483
5350 0.013617 0.996424 0.784606 0.211818
5360 0.013643 0.996425 0.784274 0.212152
5370 0.013669 0.996427 0.783941 0.212485
5380 0.013696 0.996428 0.783610 0.212818
5390 0.013722 0.996429 0.783279 0.213150
5400 0.013749 0.996430 0.782948 0.213482
5410 0.013775 0.996431 0.782618 0.213814
5420 0.013801 0.996432 0.782288 0.214144
5430 0.013828 0.996434 0.781959 0.214475
5440 0.013854 0.996435 0.781630 0.214805
5450 0.013880 0.996437 0.781303 0.215134
5460 0.013907 0.996438 0.780975 0.215463
5470 0.013933 0.996440 0.780648 0.215792
5480 0.013959 0.996442 0.780322 0.216120
5490 0.013985 0.996443 0.779996 0.216448
5500 0.014012 0.996445 0.779670 0.216775
5510 0.014038 0.996446 0.779345 0.217101
5520 0.014064 0.996447 0.779020 0.217427
5530 0.014091 0.996448 0.778696 0.217753
5540 0.014117 0.996449 0.778372 0.218078
5550 0.014143 0.996450 0.778048 0.218402
5560 0.014169 0.996452 0.777726 0.218726
5570 0.014196 0.996453 0.777404 0.219049
5580 0.014222 0.996454 0.777082 0.219372
5590 0.014248 0.996456 0.776761 0.219695
5600 0.014274 0.996458 0.776441 0.220017
5610 0.014301 0.996459 0.776121 0.220339
5620 0.014327 0.996461 0.775801 0.220660
5630 0.014353 0.996463 0.775482 0.220981
5640 0.014379 0.996464 0.775163 0.221301
5650 0.014405 0.996465 0.774845 0.221620
5660 0.014431 0.996466 0.774527 0.221939
5670 0.014458 0.996467 0.774210 0.222257
5680 0.014484 0.996468 0.773893 0.222575
5690 0.014510 0.996470 0.773577 0.222892
5700 0.014536 0.996471 0.773261 0.223209
5710 0.014562 0.996472 0.772946 0.223526
5720 0.014588 0.996474 0.772632 0.223842
5730 0.014615 0.996475 0.772318 0.224158
5740 0.014641 0.996477 0.772004 0.224473
5750 0.014667 0.996479 0.771691 0.224787
5760 0.014693 0.996480 0.771378 0.225102
5770 0.014719 0.996482 0.771066 0.225415
5780 0.014745 0.996483 0.770754 0.225728
5790 0.014771 0.996484 0.770443 0.226041
5800 0.014797 0.996485 0.770132 0.226353
5810 0.014823 0.996486 0.769822 0.226664
5820 0.014849 0.996487 0.769512 0.226975
5830 0.014875 0.996488 0.769202 0.227286
5840 0.014902 0.996490 0.768894 0.227596
5850 0.014928 0.996491 0.768586 0.227905
5860 0.014954 0.996493 0.768278 0.228215
5870 0.014980 0.996494 0.767971 0.228523
5880 0.015006 0.996496 0.767664 0.228832
5890 0.015032 0.996497 0.767358 0.229139
5900 0.015058 0.996499 0.767052 0.229447
5910 0.015084 0.996500 0.766747 0.229753
5920 0.015110 0.996501 0.766442 0.230059
5930 0.015136 0.996502 0.766138 0.230365
5940 0.015162 0.996503 0.765834 0.230670
5950 0.015188 0.996505 0.765530 0.230974
5960 0.015214 0.996506 0.765227 0.231278
5970 0.015240 0.996507 0.764925 0.231582
5980 0.015266 0.996508 0.764623 0.231885
5990 0.015292 0.996510 0.764322 0.232188
6000 0.015318 0.996511 0.764022 0.232490
6010 0.015343 0.996513 0.763721 0.232792
6020 0.015369 0.996515 0.763422 0.233093
6030 0.015395 0.996516 0.763122 0.233394
6040 0.015421 0.996517 0.762823 0.233694
6050 0.015447 0.996519 0.762525 0.233994
6060 0.015473 0.996520 0.762227 0.234293
6070 0.015499 0.996521 0.761929 0.234592
6080 0.015525 0.996522 0.761632 0.234890
6090 0.015551 0.996523 0.761335 0.235187
6100 0.015577 0.996524 0.761039 0.235484
6110 0.015603 0.996525 0.760744 0.235781
6120 0.015628 0.996527 0.760449 0.236077
6130 0.015654 0.996528 0.760155 0.236373
6140 0.015680 0.996530 0.759861 0.236669
6150 0.015706 0.996531 0.759568 0.236964
6160 0.015732 0.996533 0.759275 0.237258
6170 0.015758 0.996534 0.758982 0.237552
6180 0.015784 0.996535 0.758690 0.237845
6190 0.015809 0.996537 0.758399 0.238138
6200 0.015835 0.996538 0.758107 0.238430
6210 0.015861 0.996539 0.757817 0.238722
6220 0.015887 0.996540 0.757527 0.239013
6230 0.015913 0.996541 0.757237 0.239304
6240 0.015938 0.996542 0.756948 0.239594
6250 0.015964 0.996544 0.756660 0.239884
6260 0.015990 0.996545 0.756372 0.240173
6270 0.016016 0.996547 0.756084 0.240462
6280 0.016042 0.996548 0.755797 0.240751
6290 0.016067 0.996550 0.755510 0.241039
6300 0.016093 0.996551 0.755224 0.241327
6310 0.016119 0.996552 0.754939 0.241614
6320 0.016145 0.996553 0.754653 0.241900
6330 0.016170 0.996554 0.754368 0.242186
6340 0.016196 0.996555 0.754084 0.242471
6350 0.016222 0.996556 0.753800 0.242756
6360 0.016248 0.996557 0.753517 0.243040
6370 0.016273 0.996559 0.753234 0.243324
6380 0.016299 0.996560 0.752952 0.243608
6390 0.016325 0.996562 0.752671 0.243891
6400 0.016350 0.996563 0.752389 0.244174
6410 0.016376 0.996565 0.752109 0.244456
6420 0.016402 0.996566 0.751828 0.244738
6430 0.016428 0.996567 0.751549 0.245019
6440 0.016453 0.996569 0.751269 0.245299
6450 0.016479 0.996570 0.750990 0.245580
6460 0.016505 0.996571 0.750712 0.245859
6470 0.016530 0.996572 0.750434 0.246138
6480 0.016556 0.996573 0.750156 0.246416
6490 0.016582 0.996574 0.749879 0.246694
6500 0.016607 0.996575 0.749603 0.246972
6510 0.016633 0.996577 0.749327 0.247249
6520 0.016658 0.996578 0.749052 0.247526
6530 0.016684 0.996580 0.748777 0.247802
6540 0.016710 0.996581 0.748503 0.248078
6550 0.016735 0.996582 0.748229 0.248354
6560 0.016761 0.996584 0.747955 0.248629
6570 0.016787 0.996585 0.747682 0.248903
6580 0.016812 0.996586 0.747409 0.249177
6590 0.016838 0.996587 0.747137 0.249450
6600 0.016863 0.996588 0.746866 0.249722
6610 0.016889 0.996589 0.746594 0.249995
6620 0.016914 0.996590 0.746324 0.250266
6630 0.016940 0.996591 0.746054 0.250538
6640 0.016966 0.996593 0.745784 0.250808
6650 0.016991 0.996594 0.745515 0.251079
6660 0.017017 0.996596 0.745247 0.251349
6670 0.017042 0.996597 0.744979 0.251619
6680 0.017068 0.996599 0.744711 0.251888
6690 0.017093 0.996600 0.744444 0.252156
6700 0.017119 0.996601 0.744177 0.252424
6710 0.017144 0.996602 0.743911 0.252692
6720 0.017170 0.996603 0.743645 0.252958
6730 0.017195 0.996604 0.743379 0.253225
6740 0.017221 0.996605 0.743114 0.253491
6750 0.017246 0.996606 0.742850 0.253756
6760 0.017272 0.996607 0.742586 0.254021
6770 0.017297 0.996609 0.742323 0.254286
6780 0.017323 0.996610 0.742060 0.254550
6790 0.017348 0.996612 0.741798 0.254814
6800 0.017374 0.996613 0.741536 0.255077
6810 0.017399 0.996615 0.741275 0.255340
6820 0.017425 0.996616 0.741014 0.255602
6830 0.017450 0.996617 0.740753 0.255864
6840 0.017476 0.996618 0.740493 0.256125
6850 0.017501 0.996619 0.740234 0.256385
6860 0.017527 0.996620 0.739974 0.256645
6870 0.017552 0.996621 0.739716 0.256905
6880 0.017578 0.996622 0.739458 0.257164
6890 0.017603 0.996623 0.739200 0.257423
6900 0.017628 0.996625 0.738943 0.257681
6910 0.017654 0.996626 0.738687 0.257939
6920 0.017679 0.996628 0.738431 0.258197
6930 0.017705 0.996629 0.738175 0.258454
6940 0.017730 0.996630 0.737920 0.258710
6950 0.017755 0.996632 0.737665 0.258966
6960 0.017781 0.996633 0.737411 0.259222
6970 0.017806 0.996634 0.737157 0.259477
6980 0.017832 0.996635 0.736904 0.259731
6990 0.017857 0.996636 0.736651 0.259985
7000 0.017882 0.996637 0.736399 0.260238
7010 0.017908 0.996638 0.736147 0.260491
7020 0.017933 0.996639 0.735895 0.260743
7030 0.017958 0.996640 0.735645 0.260996
7040 0.017984 0.996642 0.735394 0.261247
7050 0.018009 0.996643 0.735145 0.261499
7060 0.018034 0.996645 0.734895 0.261749
7070 0.018060 0.996646 0.734646 0.262000
7080 0.018085 0.996647 0.734398 0.262249
7090 0.018110 0.996648 0.734150 0.262499
7100 0.018136 0.996649 0.733902 0.262747
7110 0.018161 0.996650 0.733655 0.262995
7120 0.018186 0.996651 0.733408 0.263243
7130 0.018212 0.996652 0.733162 0.263490
7140 0.018237 0.996653 0.732916 0.263737
7150 0.018262 0.996654 0.732671 0.263983
7160 0.018288 0.996656 0.732427 0.264229
7170 0.018313 0.996657 0.732183 0.264474
7180 0.018338 0.996659 0.731939 0.264720
7190 0.018363 0.996660 0.731696 0.264964
7200 0.018389 0.996661 0.731453 0.265208
7210 0.018414 0.996662 0.731211 0.265452
7220 0.018439 0.996663 0.730969 0.265694
7230 0.018464 0.996664 0.730728 0.265937
7240 0.018490 0.996665 0.730487 0.266179
7250 0.018515 0.996666 0.730246 0.266420
7260 0.018540 0.996667 0.730006 0.266661
7270 0.018565 0.996668 0.729767 0.266902
7280 0.018591 0.996670 0.729528 0.267142
7290 0.018616 0.996671 0.729290 0.267382
7300 0.018641 0.996673 0.729052 0.267621
7310 0.018666 0.996674 0.728814 0.267860
7320 0.018692 0.996675 0.728577 0.268098
7330 0.018717 0.996677 0.728341 0.268336
7340 0.018742 0.996678 0.728105 0.268573
7350 0.018767 0.996679 0.727869 0.268810
7360 0.018792 0.996679 0.727633 0.269046
7370 0.018817 0.996680 0.727399 0.269282
7380 0.018843 0.996681 0.727164 0.269517
7390 0.018868 0.996682 0.726931 0.269752
7400 0.018893 0.996684 0.726698 0.269986
7410 0.018918 0.996685 0.726465 0.270220
7420 0.018943 0.996687 0.726233 0.270454
7430 0.018969 0.996688 0.726001 0.270687
7440 0.018994 0.996689 0.725770 0.270920
7450 0.019019 0.996691 0.725539 0.271152
7460 0.019044 0.996692 0.725308 0.271383
7470 0.019069 0.996693 0.725078 0.271614
7480 0.019094 0.996694 0.724849 0.271845
7490 0.019119 0.996694 0.724619 0.272075
7500 0.019144 0.996695 0.724391 0.272304
7510 0.019170 0.996696 0.724163 0.272533
7520 0.019195 0.996698 0.723935 0.272762
7530 0.019220 0.996699 0.723708 0.272991
7540 0.019245 0.996700 0.723482 0.273218
7550 0.019270 0.996702 0.723256 0.273446
7560 0.019295 0.996703 0.723030 0.273673
7570 0.019320 0.996705 0.722805 0.273899
7580 0.019345 0.996706 0.722580 0.274125
7590 0.019370 0.996707 0.722356 0.274351
7600 0.019395 0.996707 0.722132 0.274576
7610 0.019421 0.996708 0.721908 0.274800
7620 0.019446 0.996709 0.721685 0.275024
7630 0.019471 0.996710 0.721463 0.275247
7640 0.019496 0.996711 0.721241 0.275470
7650 0.019521 0.996713 0.721020 0.275693
7660 0.019546 0.996714 0.720799 0.275915
7670 0.019571 0.996716 0.720579 0.276137
7680 0.019596 0.996717 0.720359 0.276358
7690 0.019621 0.996718 0.720139 0.276579
7700 0.019646 0.996720 0.719920 0.276800
7710 0.019671 0.996721 0.719701 0.277019
7720 0.019696 0.996721 0.719483 0.277239
7730 0.019721 0.996722 0.719265 0.277457
7740 0.019746 0.996723 0.719048 0.277675
7750 0.019771 0.996724 0.718831 0.277893
7760 0.019796 0.996725 0.718615 0.278111
7770 0.019821 0.996727 0.718399 0.278328
7780 0.019846 0.996728 0.718184 0.278544
7790 0.019871 0.996730 0.717969 0.278760
7800 0.019896 0.996731 0.717755 0.278976
7810 0.019921 0.996732 0.717541 0.279191
7820 0.019946 0.996734 0.717328 0.279406
7830 0.019971 0.996735 0.717114 0.279620
7840 0.019996 0.996735 0.716902 0.279834
7850 0.020021 0.996736 0.716690 0.280047
7860 0.020046 0.996737 0.716478 0.280259
7870 0.020071 0.996738 0.716267 0.280472
7880 0.020096 0.996739 0.716056 0.280683
7890 0.020121 0.996741 0.715846 0.280895
7900 0.020146 0.996742 0.715637 0.281106
7910 0.020171 0.996744 0.715428 0.281316
7920 0.020196 0.996745 0.715219 0.281526
7930 0.020221 0.996747 0.715011 0.281736
7940 0.020245 0.996748 0.714803 0.281945
7950 0.020270 0.996749 0.714595 0.282154
7960 0.020295 0.996750 0.714388 0.282362
7970 0.020320 0.996751 0.714182 0.282569
7980 0.020345 0.996752 0.713976 0.282776
7990 0.020370 0.996753 0.713770 0.282983
8000 0.020395 0.996754 0.713565 0.283189
8010 0.020420 0.996755 0.713361 0.283394
8020 0.020445 0.996757 0.713157 0.283600
8030 0.020470 0.996758 0.712953 0.283805
8040 0.020494 0.996760 0.712750 0.284009
8050 0.020519 0.996761 0.712548 0.284213
8060 0.020544 0.996763 0.712346 0.284417
8070 0.020569 0.996764 0.712144 0.284620
8080 0.020594 0.996765 0.711942 0.284822
8090 0.020619 0.996766 0.711741 0.285024
8100 0.020644 0.996767 0.711541 0.285226
8110 0.020669 0.996768 0.711341 0.285427
8120 0.020693 0.996769 0.711142 0.285627
8130 0.020718 0.996771 0.710943 0.285827
8140 0.020743 0.996772 0.710745 0.286027
8150 0.020768 0.996774 0.710547 0.286227
8160 0.020793 0.996775 0.710350 0.286426
8170 0.020818 0.996777 0.710153 0.286624
8180 0.020842 0.996778 0.709956 0.286822
8190 0.020867 0.996779 0.709760 0.287019
8200 0.020892 0.996781 0.709564 0.287216
8210 0.020917 0.996782 0.709369 0.287413
8220 0.020942 0.996783 0.709174 0.287608
8230 0.020967 0.996784 0.708980 0.287804
8240 0.020991 0.996785 0.708787 0.287999
8250 0.021016 0.996787 0.708594 0.288193
8260 0.021041 0.996789 0.708401 0.288388
8270 0.021066 0.996790 0.708209 0.288582
8280 0.021091 0.996792 0.708017 0.288775
8290 0.021115 0.996794 0.707826 0.288968
8300 0.021140 0.996795 0.707635 0.289160
8310 0.021165 0.996797 0.707444 0.289352
8320 0.021190 0.996798 0.707254 0.289544
8330 0.021214 0.996799 0.707065 0.289734
8340 0.021239 0.996801 0.706876 0.289925
8350 0.021264 0.996802 0.706687 0.290115
8360 0.021289 0.996803 0.706499 0.290304
8370 0.021313 0.996805 0.706312 0.290493
8380 0.021338 0.996807 0.706125 0.290682
8390 0.021363 0.996809 0.705939 0.290870
8400 0.021388 0.996811 0.705753 0.291058
8410 0.021412 0.996813 0.705567 0.291246
8420 0.021437 0.996814 0.705382 0.291432
8430 0.021462 0.996816 0.705197 0.291619
8440 0.021487 0.996817 0.705013 0.291805
8450 0.021511 0.996819 0.704829 0.291990
8460 0.021536 0.996820 0.704646 0.292175
8470 0.021561 0.996822 0.704463 0.292359
8480 0.021586 0.996824 0.704281 0.292543
8490 0.021610 0.996826 0.704099 0.292727
8500 0.021635 0.996828 0.703918 0.292910
8510 0.021660 0.996830 0.703737 0.293093
8520 0.021684 0.996832 0.703557 0.293275
8530 0.021709 0.996834 0.703377 0.293457
8540 0.021734 0.996836 0.703198 0.293638
8550 0.021758 0.996838 0.703019 0.293819
8560 0.021783 0.996840 0.702840 0.294000
8570 0.021808 0.996842 0.702662 0.294179
8580 0.021832 0.996843 0.702485 0.294359
8590 0.021857 0.996845 0.702308 0.294538
8600 0.021882 0.996847 0.702131 0.294716
8610 0.021906 0.996850 0.701955 0.294894
8620 0.021931 0.996852 0.701780 0.295072
8630 0.021956 0.996855 0.701605 0.295249
8640 0.021980 0.996857 0.701431 0.295426
8650 0.022005 0.996859 0.701257 0.295603
8660 0.022030 0.996862 0.701083 0.295779
8670 0.022054 0.996864 0.700910 0.295954
8680 0.022079 0.996866 0.700737 0.296129
8690 0.022104 0.996868 0.700565 0.296303
8700 0.022128 0.996870 0.700393 0.296477
8710 0.022153 0.996873 0.700222 0.296651
8720 0.022178 0.996875 0.700052 0.296824
8730 0.022202 0.996878 0.699882 0.296996
8740 0.022227 0.996881 0.699712 0.297169
8750 0.022251 0.996884 0.699543 0.297341
8760 0.022276 0.996886 0.699374 0.297512
8770 0.022301 0.996889 0.699206 0.297683
8780 0.022325 0.996892 0.699038 0.297854
8790 0.022350 0.996894 0.698871 0.298023
8800 0.022374 0.996897 0.698704 0.298193
8810 0.022399 0.996900 0.698538 0.298362
8820 0.022424 0.996902 0.698372 0.298530
8830 0.022448 0.996905 0.698207 0.298698
8840 0.022473 0.996908 0.698042 0.298866
8850 0.022497 0.996911 0.697878 0.299033
8860 0.022522 0.996915 0.697715 0.299200
8870 0.022546 0.996918 0.697551 0.299367
8880 0.022571 0.996921 0.697389 0.299533
8890 0.022596 0.996925 0.697226 0.299698
8900 0.022620 0.996928 0.697064 0.299863
8910 0.022645 0.996931 0.696903 0.300028
8920 0.022669 0.996934 0.696742 0.300192
8930 0.022694 0.996937 0.696582 0.300355
8940 0.022718 0.996940 0.696422 0.300518
8950 0.022743 0.996944 0.696263 0.300681
8960 0.022768 0.996948 0.696104 0.300843
8970 0.022792 0.996951 0.695946 0.301005
8980 0.022817 0.996955 0.695788 0.301167
8990 0.022841 0.996959 0.695631 0.301328
9000 0.022866 0.996963 0.695474 0.301489
9010 0.022890 0.996967 0.695318 0.301649
9020 0.022915 0.996970 0.695162 0.301808
9030 0.022939 0.996974 0.695007 0.301967
9040 0.022964 0.996978 0.694852 0.302126
9050 0.022988 0.996982 0.694698 0.302284
9060 0.023013 0.996986 0.694544 0.302442
9070 0.023037 0.996990 0.694391 0.302599
9080 0.023062 0.996994 0.694238 0.302756
9090 0.023086 0.996999 0.694086 0.302913
9100 0.023111 0.997003 0.693934 0.303069
9110 0.023135 0.997008 0.693783 0.303225
9120 0.023160 0.997012 0.693632 0.303380
9130 0.023184 0.997017 0.693482 0.303534
9140 0.023209 0.997021 0.693332 0.303689
9150 0.023233 0.997025 0.693183 0.303842
9160 0.023258 0.997030 0.693034 0.303995
9170 0.023282 0.997034 0.692886 0.304148
9180 0.023307 0.997039 0.692738 0.304301
9190 0.023331 0.997044 0.692591 0.304453
9200 0.023356 0.997049 0.692444 0.304604
9210 0.023380 0.997054 0.692298 0.304756
9220 0.023404 0.997059 0.692153 0.304907
9230 0.023429 0.997065 0.692008 0.305057
9240 0.023453 0.997070 0.691863 0.305207
9250 0.023478 0.997075 0.691719 0.305356
9260 0.023502 0.997080 0.691575 0.305505
9270 0.023527 0.997085 0.691431 0.305653
9280 0.023551 0.997090 0.691289 0.305801
9290 0.023576 0.997095 0.691146 0.305948
9300 0.023600 0.997101 0.691005 0.306096
9310 0.023624 0.997106 0.690864 0.306242
9320 0.023649 0.997112 0.690723 0.306389
9330 0.023673 0.997118 0.690583 0.306535
9340 0.023698 0.997124 0.690444 0.306680
9350 0.023722 0.997130 0.690305 0.306825
9360 0.023747 0.997135 0.690166 0.306970
9370 0.023771 0.997141 0.690027 0.307114
9380 0.023795 0.997147 0.689890 0.307257
9390 0.023820 0.997152 0.689752 0.307400
9400 0.023844 0.997158 0.689616 0.307543
9410 0.023869 0.997165 0.689480 0.307685
9420 0.023893 0.997171 0.689344 0.307827
9430 0.023917 0.997177 0.689209 0.307968
9440 0.023942 0.997184 0.689075 0.308109
9450 0.023966 0.997191 0.688941 0.308250
9460 0.023991 0.997197 0.688807 0.308390
9470 0.024015 0.997203 0.688674 0.308530
9480 0.024039 0.997210 0.688541 0.308669
9490 0.024064 0.997216 0.688409 0.308807
9500 0.024088 0.997222 0.688277 0.308945
9510 0.024113 0.997229 0.688146 0.309083
9520 0.024137 0.997235 0.688015 0.309220
9530 0.024161 0.997242 0.687885 0.309357
9540 0.024186 0.997249 0.687755 0.309494
9550 0.024210 0.997257 0.687626 0.309630
9560 0.024234 0.997264 0.687498 0.309766
9570 0.024259 0.997271 0.687370 0.309901
9580 0.024283 0.997278 0.687242 0.310036
9590 0.024307 0.997285 0.687114 0.310170
9600 0.024332 0.997291 0.686987 0.310304
9610 0.024356 0.997298 0.686861 0.310437
9620 0.024380 0.997305 0.686735 0.310570
9630 0.024405 0.997312 0.686610 0.310702
9640 0.024429 0.997320 0.686485 0.310834
9650 0.024453 0.997327 0.686361 0.310966
9660 0.024478 0.997335 0.686238 0.311098
9670 0.024502 0.997343 0.686114 0.311228
9680 0.024526 0.997350 0.685991 0.311359
9690 0.024551 0.997358 0.685869 0.311489
9700 0.024575 0.997365 0.685747 0.311618
9710 0.024599 0.997372 0.685625 0.311747
9720 0.024624 0.997380 0.685504 0.311875
9730 0.024648 0.997387 0.685384 0.312003
9740 0.024672 0.997395 0.685264 0.312131
9750 0.024697 0.997402 0.685144 0.312258
9760 0.024721 0.997410 0.685026 0.312385
9770 0.024745 0.997419 0.684907 0.312511
9780 0.024770 0.997427 0.684789 0.312637
9790 0.024794 0.997435 0.684672 0.312763
9800 0.024818 0.997442 0.684554 0.312888
9810 0.024842 0.997450 0.684437 0.313013
9820 0.024867 0.997458 0.684321 0.313137
9830 0.024891 0.997465 0.684205 0.313260
9840 0.024915 0.997473 0.684090 0.313383
9850 0.024940 0.997481 0.683975 0.313506
9860 0.024964 0.997489 0.683861 0.313628
9870 0.024988 0.997497 0.683747 0.313750
9880 0.025012 0.997506 0.683634 0.313872
9890 0.025037 0.997514 0.683521 0.313993
9900 0.025061 0.997522 0.683408 0.314114
9910 0.025085 0.997530 0.683296 0.314234
9920 0.025109 0.997538 0.683185 0.314354
9930 0.025134 0.997546 0.683073 0.314473
9940 0.025158 0.997554 0.682962 0.314592
9950 0.025182 0.997562 0.682852 0.314710
9960 0.025206 0.997570 0.682742 0.314828
9970 0.025231 0.997578 0.682633 0.314945
9980 0.025255 0.997587 0.682524 0.315062
9990 0.025279 0.997595 0.682416 0.315179
10000 0.025303 0.997604 0.682308 0.315296
10010 0.025328 0.997612 0.682201 0.315412
10020 0.025352 0.997621 0.682094 0.315527
10030 0.025376 0.997629 0.681987 0.315642
10040 0.025400 0.997637 0.681881 0.315756
10050 0.025425 0.997645 0.681775 0.315870
10060 0.025449 0.997653 0.681669 0.315984
10070 0.025473 0.997661 0.681564 0.316097
10080 0.025497 0.997669 0.681460 0.316209
10090 0.025521 0.997678 0.681356 0.316322
10100 0.025546 0.997687 0.681253 0.316434
10110 0.025570 0.997695 0.681150 0.316545
10120 0.025594 0.997704 0.681047 0.316656
10130 0.025618 0.997712 0.680945 0.316767
10140 0.025643 0.997720 0.680843 0.316877
10150 0.025667 0.997728 0.680742 0.316987
10160 0.025691 0.997736 0.680641 0.317096
10170 0.025715 0.997744 0.680540 0.317204
10180 0.025739 0.997753 0.680440 0.317313
10190 0.025763 0.997761 0.680340 0.317421
10200 0.025788 0.997770 0.680241 0.317528
10210 0.025812 0.997778 0.680143 0.317635
10220 0.025836 0.997787 0.680044 0.317742
10230 0.025860 0.997795 0.679947 0.317849
10240 0.025884 0.997804 0.679849 0.317955
10250 0.025909 0.997812 0.679752 0.318060
10260 0.025933 0.997820 0.679655 0.318165
10270 0.025957 0.997828 0.679559 0.318269
10280 0.025981 0.997836 0.679463 0.318373
10290 0.026005 0.997844 0.679367 0.318477
10300 0.026029 0.997852 0.679273 0.318580
10310 0.026054 0.997861 0.679178 0.318683
10320 0.026078 0.997869 0.679084 0.318785
10330 0.026102 0.997878 0.678990 0.318887
10340 0.026126 0.997886 0.678897 0.318989
10350 0.026150 0.997894 0.678804 0.319090
10360 0.026174 0.997902 0.678712 0.319191
10370 0.026199 0.997910 0.678619 0.319291
10380 0.026223 0.997918 0.678528 0.319390
10390 0.026247 0.997926 0.678436 0.319490
10400 0.026271 0.997934 0.678346 0.319588
10410 0.026295 0.997942 0.678255 0.319687
10420 0.026319 0.997951 0.678165 0.319785
10430 0.026343 0.997959 0.678076 0.319883
10440 0.026368 0.997967 0.677987 0.319980
10450 0.026392 0.997975 0.677898 0.320077
10460 0.026416 0.997983 0.677809 0.320174
10470 0.026440 0.997991 0.677721 0.320270
10480 0.026464 0.997999 0.677634 0.320365
10490 0.026488 0.998007 0.677546 0.320460
10500 0.026512 0.998014 0.677460 0.320555
10510 0.026536 0.998022 0.677373 0.320649
10520 0.026561 0.998030 0.677287 0.320743
10530 0.026585 0.998039 0.677202 0.320837
10540 0.026609 0.998047 0.677117 0.320930
10550 0.026633 0.998055 0.677032 0.321023
10560 0.026657 0.998063 0.676948 0.321115
10570 0.026681 0.998071 0.676864 0.321207
10580 0.026705 0.998078 0.676780 0.321298
10590 0.026729 0.998086 0.676697 0.321389
10600 0.026753 0.998093 0.676614 0.321480
10610 0.026778 0.998101 0.676531 0.321570
10620 0.026802 0.998108 0.676449 0.321659
10630 0.026826 0.998116 0.676368 0.321749
10640 0.026850 0.998124 0.676287 0.321838
10650 0.026874 0.998132 0.676206 0.321926
10660 0.026898 0.998140 0.676126 0.322015
10670 0.026922 0.998148 0.676045 0.322102
10680 0.026946 0.998155 0.675966 0.322190
10690 0.026970 0.998163 0.675886 0.322276
10700 0.026994 0.998170 0.675807 0.322363
10710 0.027018 0.998177 0.675729 0.322449
10720 0.027043 0.998185 0.675650 0.322534
10730 0.027067 0.998192 0.675573 0.322619
10740 0.027091 0.998200 0.675496 0.322704
10750 0.027115 0.998207 0.675419 0.322789
10760 0.027139 0.998215 0.675342 0.322873
10770 0.027163 0.998223 0.675266 0.322957
10780 0.027187 0.998230 0.675190 0.323040
10790 0.027211 0.998237 0.675115 0.323123
10800 0.027235 0.998245 0.675039 0.323205
10810 0.027259 0.998252 0.674965 0.323287
10820 0.027283 0.998259 0.674890 0.323369
10830 0.027307 0.998266 0.674816 0.323450
10840 0.027331 0.998273 0.674743 0.323530
10850 0.027355 0.998281 0.674670 0.323611
10860 0.027379 0.998288 0.674597 0.323691
10870 0.027403 0.998295 0.674525 0.323771
10880 0.027428 0.998303 0.674453 0.323850
10890 0.027452 0.998310 0.674381 0.323929
10900 0.027476 0.998317 0.674309 0.324007
10910 0.027500 0.998324 0.674238 0.324085
10920 0.027524 0.998330 0.674168 0.324163
10930 0.027548 0.998337 0.674097 0.324240
10940 0.027572 0.998344 0.674028 0.324317
10950 0.027596 0.998351 0.673958 0.324393
10960 0.027620 0.998359 0.673889 0.324469
10970 0.027644 0.998366 0.673821 0.324545
10980 0.027668 0.998373 0.673752 0.324621
10990 0.027692 0.998380 0.673684 0.324696
11000 0.027716 0.998387 0.673617 0.324770
11010 0.027740 0.998393 0.673549 0.324844
11020 0.027764 0.998400 0.673482 0.324918
11030 0.027788 0.998407 0.673415 0.324991
11040 0.027812 0.998413 0.673349 0.325064
11050 0.027836 0.998420 0.673283 0.325136
11060 0.027860 0.998427 0.673218 0.325209
11070 0.027884 0.998434 0.673153 0.325281
11080 0.027908 0.998441 0.673088 0.325352
11090 0.027932 0.998448 0.673024 0.325423
11100 0.027956 0.998454 0.672960 0.325494
11110 0.027980 0.998461 0.672896 0.325565
11120 0.028004 0.998467 0.672833 0.325634
11130 0.028028 0.998474 0.672770 0.325704
11140 0.028052 0.998480 0.672707 0.325773
11150 0.028076 0.998486 0.672645 0.325841
11160 0.028100 0.998493 0.672583 0.325910
11170 0.028124 0.998500 0.672522 0.325978
11180 0.028148 0.998506 0.672461 0.326046
11190 0.028172 0.998513 0.672400 0.326113
11200 0.028196 0.998520 0.672339 0.326180
11210 0.028220 0.998526 0.672279 0.326247
11220 0.028244 0.998532 0.672219 0.326313
11230 0.028268 0.998538 0.672160 0.326379
11240 0.028292 0.998544 0.672100 0.326444
11250 0.028316 0.998550 0.672042 0.326509
11260 0.028340 0.998557 0.671983 0.326573
11270 0.028364 0.998563 0.671925 0.326638
11280 0.028388 0.998570 0.671868 0.326702
11290 0.028412 0.998576 0.671811 0.326766
11300 0.028436 0.998583 0.671754 0.326829
11310 0.028460 0.998589 0.671697 0.326892
11320 0.028484 0.998595 0.671640 0.326954
11330 0.028508 0.998601 0.671584 0.327016
11340 0.028532 0.998607 0.671528 0.327078
11350 0.028556 0.998612 0.671473 0.327139
11360 0.028580 0.998618 0.671418 0.327200
11370 0.028604 0.998624 0.671364 0.327261
11380 0.028627 0.998631 0.671309 0.327321
11390 0.028651 0.998637 0.671256 0.327381
11400 0.028675 0.998643 0.671202 0.327441
11410 0.028699 0.998649 0.671149 0.327501
11420 0.028723 0.998655 0.671096 0.327559
11430 0.028747 0.998661 0.671043 0.327618
11440 0.028771 0.998667 0.670991 0.327676
11450 0.028795 0.998672 0.670939 0.327734
11460 0.028819 0.998678 0.670887 0.327791
11470 0.028843 0.998684 0.670836 0.327848
11480 0.028867 0.998690 0.670785 0.327905
11490 0.028891 0.998696 0.670734 0.327962
11500 0.028915 0.998702 0.670684 0.328018
11510 0.028939 0.998708 0.670634 0.328074
11520 0.028963 0.998714 0.670585 0.328129
11530 0.028987 0.998719 0.670535 0.328184
11540 0.029011 0.998725 0.670486 0.328239
11550 0.029035 0.998730 0.670437 0.328293
11560 0.029058 0.998736 0.670389 0.328347
11570 0.029082 0.998741 0.670341 0.328400
11580 0.029106 0.998747 0.670293 0.328454
11590 0.029130 0.998753 0.670246 0.328507
11600 0.029154 0.998759 0.670199 0.328559
11610 0.029178 0.998765 0.670153 0.328612
11620 0.029202 0.998770 0.670106 0.328664
11630 0.029226 0.998776 0.670060 0.328716
11640 0.029250 0.998781 0.670014 0.328767
11650 0.029274 0.998786 0.669969 0.328818
11660 0.029298 0.998791 0.669923 0.328868
11670 0.029322 0.998797 0.669879 0.328918
11680 0.029346 0.998802 0.669834 0.328968
11690 0.029369 0.998808 0.669790 0.329018
11700 0.029393 0.998814 0.669747 0.329067
11710 0.029417 0.998819 0.669703 0.329116
11720 0.029441 0.998825 0.669660 0.329165
11730 0.029465 0.998830 0.669617 0.329213
11740 0.029489 0.998835 0.669574 0.329261
11750 0.029513 0.998840 0.669532 0.329309
11760 0.029537 0.998845 0.669490 0.329356
11770 0.029561 0.998850 0.669448 0.329402
11780 0.029585 0.998856 0.669407 0.329449
11790 0.029608 0.998861 0.669366 0.329495
11800 0.029632 0.998867 0.669325 0.329542
11810 0.029656 0.998872 0.669285 0.329587
11820 0.029680 0.998877 0.669245 0.329633
11830 0.029704 0.998883 0.669205 0.329678
11840 0.029728 0.998888 0.669165 0.329722
11850 0.029752 0.998893 0.669126 0.329767
11860 0.029776 0.998897 0.669087 0.329811
11870 0.029800 0.998902 0.669048 0.329854
11880 0.029823 0.998907 0.669010 0.329897
11890 0.029847 0.998913 0.668972 0.329941
11900 0.029871 0.998918 0.668935 0.329983
11910 0.029895 0.998923 0.668897 0.330026
11920 0.029919 0.998929 0.668860 0.330068
11930 0.029943 0.998934 0.668823 0.330110
11940 0.029967 0.998938 0.668787 0.330152
11950 0.029991 0.998943 0.668750 0.330193
11960 0.030015 0.998948 0.668714 0.330233
11970 0.030038 0.998953 0.668679 0.330274
11980 0.030062 0.998957 0.668643 0.330314
11990 0.030086 0.998962 0.668609 0.330354
12000 0.030110 0.998968 0.668574 0.330394
12010 0.030134 0.998973 0.668540 0.330433
12020 0.030158 0.998978 0.668506 0.330472
12030 0.030182 0.998983 0.668472 0.330511
12040 0.030205 0.998988 0.668438 0.330549
12050 0.030229 0.998992 0.668405 0.330587
12060 0.030253 0.998997 0.668372 0.330625
12070 0.030277 0.999001 0.668339 0.330662
12080 0.030301 0.999006 0.668307 0.330699
12090 0.030325 0.999011 0.668275 0.330736
12100 0.030349 0.999016 0.668243 0.330773
12110 0.030373 0.999021 0.668212 0.330809
12120 0.030396 0.999026 0.668180 0.330845
12130 0.030420 0.999030 0.668149 0.330881
12140 0.030444 0.999035 0.668119 0.330917
12150 0.030468 0.999040 0.668088 0.330952
12160 0.030492 0.999044 0.668058 0.330986
12170 0.030516 0.999048 0.668028 0.331020
12180 0.030540 0.999053 0.667998 0.331054
12190 0.030563 0.999058 0.667969 0.331088
12200 0.030587 0.999062 0.667940 0.331122
12210 0.030611 0.999067 0.667912 0.331155
12220 0.030635 0.999072 0.667883 0.331189
12230 0.030659 0.999077 0.667855 0.331221
12240 0.030683 0.999081 0.667827 0.331254
12250 0.030706 0.999085 0.667800 0.331286
12260 0.030730 0.999090 0.667772 0.331318
12270 0.030754 0.999094 0.667745 0.331349
12280 0.030778 0.999098 0.667718 0.331380
12290 0.030802 0.999103 0.667692 0.331411
12300 0.030826 0.999108 0.667666 0.331442
12310 0.030849 0.999112 0.667640 0.331472
12320 0.030873 0.999117 0.667614 0.331503
12330 0.030897 0.999122 0.667589 0.331532
12340 0.030921 0.999126 0.667564 0.331562
12350 0.030945 0.999130 0.667539 0.331591
12360 0.030969 0.999134 0.667514 0.331620
12370 0.030992 0.999138 0.667490 0.331649
12380 0.031016 0.999142 0.667466 0.331677
12390 0.031040 0.999147 0.667442 0.331705
12400 0.031064 0.999151 0.667419 0.331733
12410 0.031088 0.999156 0.667395 0.331761
12420 0.031112 0.999161 0.667373 0.331788
12430 0.031135 0.999165 0.667350 0.331815
12440 0.031159 0.999169 0.667327 0.331842
12450 0.031183 0.999173 0.667305 0.331868
12460 0.031207 0.999177 0.667283 0.331894
12470 0.031231 0.999181 0.667261 0.331920
12480 0.031255 0.999185 0.667240 0.331946
12490 0.031278 0.999190 0.667219 0.331971
12500 0.031302 0.999194 0.667198 0.331996
12510 0.031326 0.999198 0.667177 0.332021
12520 0.031350 0.999203 0.667157 0.332046
12530 0.031374 0.999207 0.667137 0.332070
12540 0.031397 0.999211 0.667117 0.332094
12550 0.031421 0.999215 0.667097 0.332118
12560 0.031445 0.999219 0.667078 0.332141
12570 0.031469 0.999223 0.667059 0.332164
12580 0.031493 0.999227 0.667040 0.332187
12590 0.031516 0.999231 0.667022 0.332210
12600 0.031540 0.999235 0.667003 0.332232
12610 0.031564 0.999240 0.666985 0.332254
12620 0.031588 0.999244 0.666968 0.332276
12630 0.031612 0.999248 0.666950 0.332298
12640 0.031636 0.999252 0.666933 0.332319
12650 0.031659 0.999256 0.666916 0.332340
12660 0.031683 0.999260 0.666899 0.332361
12670 0.031707 0.999263 0.666882 0.332382
12680 0.031731 0.999267 0.666866 0.332402
12690 0.031755 0.999271 0.666850 0.332422
12700 0.031778 0.999276 0.666834 0.332442
12710 0.031802 0.999280 0.666818 0.332461
12720 0.031826 0.999284 0.666803 0.332481
12730 0.031850 0.999288 0.666788 0.332500
12740 0.031874 0.999292 0.666773 0.332519
12750 0.031897 0.999296 0.666759 0.332537
12760 0.031921 0.999299 0.666744 0.332555
12770 0.031945 0.999303 0.666730 0.332573
12780 0.031969 0.999307 0.666716 0.332591
12790 0.031993 0.999310 0.666702 0.332608
12800 0.032016 0.999315 0.666689 0.332625
12810 0.032040 0.999319 0.666676 0.332642
12820 0.032064 0.999323 0.666663 0.332659
12830 0.032088 0.999327 0.666651 0.332676
12840 0.032111 0.999330 0.666638 0.332692
12850 0.032135 0.999334 0.666626 0.332708
12860 0.032159 0.999337 0.666614 0.332724
12870 0.032183 0.999341 0.666602 0.332739
12880 0.032207 0.999345 0.666591 0.332754
12890 0.032230 0.999349 0.666579 0.332769
12900 0.032254 0.999353 0.666569 0.332784
12910 0.032278 0.999357 0.666558 0.332799
12920 0.032302 0.999361 0.666547 0.332813
12930 0.032326 0.999364 0.666537 0.332827
12940 0.032349 0.999368 0.666527 0.332841
12950 0.032373 0.999371 0.666517 0.332854
12960 0.032397 0.999375 0.666507 0.332868
12970 0.032421 0.999378 0.666498 0.332880
12980 0.032444 0.999382 0.666489 0.332893
12990 0.032468 0.999386 0.666480 0.332906
13000 0.032492 0.999390 0.666471 0.332918
13010 0.032516 0.999393 0.666463 0.332931
13020 0.032540 0.999397 0.666455 0.332943
13030 0.032563 0.999401 0.666447 0.332954
13040 0.032587 0.999404 0.666439 0.332966
13050 0.032611 0.999408 0.666431 0.332977
13060 0.032635 0.999411 0.666424 0.332987
13070 0.032658 0.999414 0.666416 0.332998
13080 0.032682 0.999418 0.666410 0.333008
13090 0.032706 0.999422 0.666403 0.333019
13100 0.032730 0.999426 0.666397 0.333029
13110 0.032754 0.999429 0.666391 0.333039
13120 0.032777 0.999433 0.666385 0.333048
13130 0.032801 0.999437 0.666379 0.333058
13140 0.032825 0.999440 0.666373 0.333067
13150 0.032849 0.999443 0.666368 0.333075
13160 0.032872 0.999446 0.666362 0.333084
13170 0.032896 0.999450 0.666358 0.333092
13180 0.032920 0.999453 0.666353 0.333100
13190 0.032944 0.999457 0.666349 0.333108
13200 0.032967 0.999461 0.666345 0.333116
13210 0.032991 0.999464 0.666341 0.333124
13220 0.033015 0.999468 0.666337 0.333131
13230 0.033039 0.999471 0.666333 0.333138
13240 0.033063 0.999474 0.666330 0.333145
13250 0.033086 0.999478 0.666326 0.333151
13260 0.033110 0.999481 0.666323 0.333158
13270 0.033134 0.999484 0.666320 0.333164
13280 0.033158 0.999488 0.666318 0.333170
13290 0.033181 0.999491 0.666316 0.333175
13300 0.033205 0.999495 0.666314 0.333181
13310 0.033229 0.999498 0.666312 0.333186
13320 0.033253 0.999502 0.666310 0.333192
13330 0.033276 0.999505 0.666309 0.333196
13340 0.033300 0.999508 0.666307 0.333201
13350 0.033324 0.999511 0.666306 0.333205
13360 0.033348 0.999514 0.666305 0.333209
13370 0.033371 0.999518 0.666304 0.333213
13380 0.033395 0.999521 0.666304 0.333217
13390 0.033419 0.999525 0.666304 0.333221
13400 0.033443 0.999528 0.666304 0.333224
13410 0.033466 0.999532 0.666304 0.333227
13420 0.033490 0.999535 0.666305 0.333230
13430 0.033514 0.999538 0.666305 0.333233
13440 0.033538 0.999541 0.666306 0.333235
13450 0.033562 0.999544 0.666307 0.333237
13460 0.033585 0.999547 0.666308 0.333239
13470 0.033609 0.999550 0.666309 0.333241
13480 0.033633 0.999554 0.666311 0.333243
13490 0.033657 0.999557 0.666313 0.333244
13500 0.033680 0.999561 0.666315 0.333246
13510 0.033704 0.999564 0.666317 0.333247
13520 0.033728 0.999567 0.666319 0.333248
13530 0.033752 0.999570 0.666322 0.333248
13540 0.033775 0.999573 0.666324 0.333248
13550 0.033799 0.999576 0.666327 0.333248
13560 0.033823 0.999579 0.666331 0.333248
13570 0.033847 0.999582 0.666334 0.333248
13580 0.033870 0.999586 0.666338 0.333248
13590 0.033894 0.999589 0.666342 0.333247
13600 0.033918 0.999592 0.666346 0.333247
13610 0.033942 0.999595 0.666350 0.333246
13620 0.033965 0.999598 0.666354 0.333245
13630 0.033989 0.999601 0.666358 0.333243
13640 0.034013 0.999604 0.666363 0.333241
13650 0.034037 0.999607 0.666368 0.333239
13660 0.034060 0.999610 0.666373 0.333237
13670 0.034084 0.999613 0.666378 0.333235
13680 0.034108 0.999617 0.666384 0.333233
13690 0.034132 0.999620 0.666390 0.333230
13700 0.034155 0.999623 0.666396 0.333228
13710 0.034179 0.999626 0.666402 0.333225
13720 0.034203 0.999629 0.666408 0.333221
13730 0.034227 0.999632 0.666414 0.333218
13740 0.034250 0.999635 0.666420 0.333214
13750 0.034274 0.999637 0.666427 0.333210
13760 0.034298 0.999641 0.666434 0.333206
13770 0.034322 0.999644 0.666442 0.333202
13780 0.034345 0.999647 0.666449 0.333198
13790 0.034369 0.999650 0.666457 0.333194
13800 0.034393 0.999653 0.666464 0.333189
13810 0.034417 0.999656 0.666472 0.333184
13820 0.034440 0.999659 0.666480 0.333179
13830 0.034464 0.999662 0.666488 0.333173
13840 0.034488 0.999664 0.666497 0.333168
13850 0.034512 0.999667 0.666505 0.333162
13860 0.034535 0.999671 0.666514 0.333156
13870 0.034559 0.999674 0.666524 0.333150
13880 0.034583 0.999677 0.666533 0.333144
13890 0.034607 0.999680 0.666542 0.333138
13900 0.034630 0.999683 0.666552 0.333131
13910 0.034654 0.999685 0.666561 0.333124
13920 0.034678 0.999688 0.666571 0.333117
13930 0.034702 0.999691 0.666581 0.333110
13940 0.034725 0.999694 0.666591 0.333102
13950 0.034749 0.999697 0.666602 0.333095
13960 0.034773 0.999700 0.666612 0.333087
13970 0.034796 0.999703 0.666623 0.333080
13980 0.034820 0.999706 0.666634 0.333072
13990 0.034844 0.999709 0.666645 0.333063
14000 0.034868 0.999711 0.666656 0.333055
14010 0.034891 0.999714 0.666668 0.333046
14020 0.034915 0.999716 0.666679 0.333037
14030 0.034939 0.999719 0.666691 0.333028
14040 0.034963 0.999722 0.666703 0.333019
14050 0.034986 0.999725 0.666716 0.333010
14060 0.035010 0.999728 0.666728 0.333000
14070 0.035034 0.999731 0.666741 0.332991
14080 0.035058 0.999734 0.666753 0.332981
14090 0.035081 0.999737 0.666766 0.332971
14100 0.035105 0.999739 0.666779 0.332961
14110 0.035129 0.999742 0.666792 0.332950
14120 0.035153 0.999744 0.666805 0.332939
14130 0.035176 0.999747 0.666819 0.332929
14140 0.035200 0.999750 0.666832 0.332918
14150 0.035224 0.999753 0.666846 0.332907
14160 0.035248 0.999756 0.666860 0.332896
14170 0.035271 0.999759 0.666875 0.332884
14180 0.035295 0.999762 0.666889 0.332873
14190 0.035319 0.999764 0.666903 0.332861
14200 0.035343 0.999767 0.666918 0.332849
14210 0.035366 0.999769 0.666932 0.332837
14220 0.035390 0.999772 0.666948 0.332824
14230 0.035414 0.999775 0.666963 0.332812
14240 0.035438 0.999778 0.666978 0.332799
14250 0.035461 0.999781 0.666994 0.332787
14260 0.035485 0.999783 0.667009 0.332774
14270 0.035509 0.999786 0.667025 0.332761
14280 0.035533 0.999789 0.667041 0.332748
14290 0.035556 0.999791 0.667057 0.332734
14300 0.035580 0.999793 0.667073 0.332720
14310 0.035604 0.999796 0.667090 0.332706
14320 0.035628 0.999799 0.667106 0.332692
14330 0.035651 0.999802 0.667123 0.332678
14340 0.035675 0.999805 0.667140 0.332664
14350 0.035699 0.999807 0.667157 0.332650
14360 0.035722 0.999810 0.667174 0.332636
14370 0.035746 0.999812 0.667192 0.332621
14380 0.035770 0.999815 0.667209 0.332606
14390 0.035794 0.999817 0.667227 0.332590
14400 0.035817 0.999820 0.667245 0.332575
14410 0.035841 0.999822 0.667263 0.332560
14420 0.035865 0.999825 0.667281 0.332544
14430 0.035889 0.999828 0.667299 0.332529
14440 0.035912 0.999831 0.667318 0.332513
14450 0.035936 0.999833 0.667336 0.332497
14460 0.035960 0.999836 0.667355 0.332481
14470 0.035984 0.999838 0.667374 0.332464
14480 0.036007 0.999841 0.667393 0.332448
14490 0.036031 0.999843 0.667412 0.332431
14500 0.036055 0.999846 0.667431 0.332414
14510 0.036079 0.999848 0.667451 0.332397
14520 0.036102 0.999851 0.667471 0.332380
14530 0.036126 0.999854 0.667491 0.332363
14540 0.036150 0.999856 0.667511 0.332346
14550 0.036174 0.999859 0.667531 0.332328
14560 0.036197 0.999861 0.667551 0.332310
14570 0.036221 0.999864 0.667571 0.332292
14580 0.036245 0.999866 0.667592 0.332274
14590 0.036269 0.999868 0.667612 0.332256
14600 0.036292 0.999871 0.667633 0.332238
14610 0.036316 0.999874 0.667654 0.332219
14620 0.036340 0.999876 0.667676 0.332201
14630 0.036364 0.999879 0.667697 0.332182
14640 0.036387 0.999881 0.667718 0.332163
14650 0.036411 0.999884 0.667740 0.332144
14660 0.036435 0.999886 0.667761 0.332125
14670 0.036459 0.999888 0.667783 0.332105
14680 0.036482 0.999891 0.667805 0.332085
14690 0.036506 0.999893 0.667827 0.332066
14700 0.036530 0.999896 0.667850 0.332046
14710 0.036554 0.999899 0.667872 0.332026
14720 0.036577 0.999901 0.667895 0.332006
14730 0.036601 0.999904 0.667918 0.331986
14740 0.036625 0.999906 0.667940 0.331966
14750 0.036649 0.999908 0.667963 0.331945
14760 0.036672 0.999910 0.667986 0.331924
14770 0.036696 0.999913 0.668010 0.331903
14780 0.036720 0.999915 0.668033 0.331882
14790 0.036744 0.999918 0.668057 0.331861
14800 0.036767 0.999920 0.668080 0.331840
14810 0.036791 0.999923 0.668104 0.331819
14820 0.036815 0.999925 0.668128 0.331797
14830 0.036839 0.999928 0.668152 0.331775
14840 0.036862 0.999930 0.668176 0.331753
14850 0.036886 0.999932 0.668201 0.331731
14860 0.036910 0.999934 0.668225 0.331709
14870 0.036934 0.999936 0.668250 0.331687
14880 0.036958 0.999939 0.668275 0.331664
14890 0.036981 0.999942 0.668300 0.331642
14900 0.037005 0.999944 0.668325 0.331619
14910 0.037029 0.999947 0.668350 0.331597
14920 0.037053 0.999949 0.668375 0.331574
14930 0.037076 0.999951 0.668401 0.331551
14940 0.037100 0.999953 0.668426 0.331527
14950 0.037124 0.999955 0.668452 0.331504
14960 0.037148 0.999958 0.668477 0.331480
14970 0.037171 0.999960 0.668504 0.331457
14980 0.037195 0.999963 0.668530 0.331433
14990 0.037219 0.999965 0.668556 0.331409
15000 0.037243 0.999968 0.668582 0.331385
15010 0.037266 0.999970 0.668609 0.331361
15020 0.037290 0.999972 0.668635 0.331337
15030 0.037314 0.999974 0.668662 0.331312
15040 0.037338 0.999976 0.668689 0.331287
15050 0.037361 0.999978 0.668716 0.331263
15060 0.037385 0.999981 0.668743 0.331238
15070 0.037409 0.999983 0.668770 0.331213
15080 0.037433 0.999986 0.668798 0.331188
15090 0.037457 0.999988 0.668825 0.331163
15100 0.037480 0.999991 0.668853 0.331138
15110 0.037504 0.999993 0.668881 0.331112
15120 0.037528 0.999994 0.668908 0.331086
15130 0.037552 0.999997 0.668936 0.331060
15140 0.037575 0.999999 0.668964 0.331034
15150 0.037599 1.000001 0.668993 0.331008
15160 0.037623 1.000004 0.669021 0.330983
15170 0.037647 1.000006 0.669050 0.330956
15180 0.037670 1.000009 0.669079 0.330930
15190 0.037694 1.000011 0.669107 0.330904
15200 0.037718 1.000013 0.669136 0.330877
15210 0.037742 1.000015 0.669165 0.330850
15220 0.037766 1.000017 0.669194 0.330823
15230 0.037789 1.000019 0.669223 0.330796
15240 0.037813 1.000021 0.669253 0.330769
15250 0.037837 1.000024 0.669282 0.330742
15260 0.037861 1.000026 0.669312 0.330714
15270 0.037884 1.000029 0.669342 0.330687
15280 0.037908 1.000031 0.669371 0.330659
15290 0.037932 1.000033 0.669401 0.330631
15300 0.037956 1.000034 0.669431 0.330603
15310 0.037980 1.000036 0.669461 0.330575
15320 0.038003 1.000039 0.669492 0.330547
15330 0.038027 1.000041 0.669522 0.330519
15340 0.038051 1.000044 0.669553 0.330491
15350 0.038075 1.000046 0.669584 0.330462
15360 0.038098 1.000048 0.669614 0.330434
15370 0.038122 1.000050 0.669645 0.330405
15380 0.038146 1.000052 0.669676 0.330376
15390 0.038170 1.000054 0.669707 0.330347
15400 0.038194 1.000056 0.669738 0.330318
15410 0.038217 1.000058 0.669770 0.330289
15420 0.038241 1.000061 0.669801 0.330259
15430 0.038265 1.000063 0.669833 0.330230
15440 0.038289 1.000065 0.669865 0.330201
15450 0.038313 1.000067 0.669896 0.330171
15460 0.038336 1.000069 0.669928 0.330141
15470 0.038360 1.000071 0.669960 0.330111
15480 0.038384 1.000073 0.669992 0.330081
15490 0.038408 1.000075 0.670024 0.330051
15500 0.038432 1.000077 0.670057 0.330020
15510 0.038455 1.000080 0.670089 0.329990
15520 0.038479 1.000082 0.670122 0.329960
15530 0.038503 1.000084 0.670155 0.329929
15540 0.038527 1.000086 0.670188 0.329899
15550 0.038550 1.000088 0.670220 0.329868
15560 0.038574 1.000090 0.670253 0.329837
15570 0.038598 1.000092 0.670286 0.329806
15580 0.038622 1.000094 0.670320 0.329774
15590 0.038646 1.000096 0.670353 0.329743
15600 0.038669 1.000099 0.670387 0.329712
15610 0.038693 1.000101 0.670420 0.329681
15620 0.038717 1.000103 0.670454 0.329649
15630 0.038741 1.000105 0.670488 0.329617
15640 0.038765 1.000107 0.670521 0.329585
15650 0.038788 1.000109 0.670555 0.329553
15660 0.038812 1.000110 0.670589 0.329521
15670 0.038836 1.000113 0.670624 0.329489
15680 0.038860 1.000115 0.670658 0.329457
15690 0.038884 1.000117 0.670693 0.329424
15700 0.038908 1.000119 0.670727 0.329392
15710 0.038931 1.000122 0.670762 0.329360
15720 0.038955 1.000123 0.670796 0.329327
15730 0.038979 1.000125 0.670831 0.329294
15740 0.039003 1.000127 0.670866 0.329261
15750 0.039027 1.000129 0.670901 0.329228
15760 0.039050 1.000131 0.670936 0.329195
15770 0.039074 1.000133 0.670972 0.329161
15780 0.039098 1.000135 0.671007 0.329128
15790 0.039122 1.000138 0.671043 0.329095
15800 0.039146 1.000140 0.671078 0.329062
15810 0.039169 1.000141 0.671114 0.329028
15820 0.039193 1.000143 0.671149 0.328994
15830 0.039217 1.000145 0.671185 0.328960
15840 0.039241 1.000147 0.671221 0.328926
15850 0.039265 1.000149 0.671257 0.328892
15860 0.039289 1.000151 0.671293 0.328858
15870 0.039312 1.000153 0.671330 0.328824
15880 0.039336 1.000156 0.671366 0.328789
15890 0.039360 1.000157 0.671402 0.328755
15900 0.039384 1.000159 0.671439 0.328720
15910 0.039408 1.000161 0.671475 0.328686
15920 0.039432 1.000163 0.671512 0.328651
15930 0.039455 1.000165 0.671549 0.328616
15940 0.039479 1.000167 0.671586 0.328581
15950 0.039503 1.000169 0.671623 0.328546
15960 0.039527 1.000171 0.671660 0.328511
15970 0.039551 1.000173 0.671698 0.328476
15980 0.039575 1.000175 0.671735 0.328440
15990 0.039598 1.000177 0.671772 0.328405
16000 0.039622 1.000178 0.671810 0.328369
16010 0.039646 1.000180 0.671847 0.328333
16020 0.039670 1.000182 0.671885 0.328297
16030 0.039694 1.000184 0.671923 0.328261
16040 0.039718 1.000187 0.671961 0.328226
16050 0.039741 1.000189 0.671999 0.328190
16060 0.039765 1.000191 0.672037 0.328154
16070 0.039789 1.000192 0.672075 0.328117
16080 0.039813 1.000194 0.672113 0.328081
16090 0.039837 1.000196 0.672151 0.328044
16100 0.039861 1.000197 0.672190 0.328008
16110 0.039884 1.000200 0.672228 0.327971
16120 0.039908 1.000202 0.672267 0.327934
16130 0.039932 1.000204 0.672306 0.327898
16140 0.039956 1.000206 0.672345 0.327861
16150 0.039980 1.000208 0.672384 0.327824
16160 0.040004 1.000209 0.672422 0.327787
16170 0.040028 1.000211 0.672461 0.327749
16180 0.040051 1.000213 0.672501 0.327712
16190 0.040075 1.000215 0.672540 0.327675
16200 0.040099 1.000217 0.672579 0.327637
16210 0.040123 1.000219 0.672619 0.327600
16220 0.040147 1.000221 0.672659 0.327562
16230 0.040171 1.000223 0.672698 0.327525
16240 0.040195 1.000224 0.672738 0.327487
16250 0.040218 1.000226 0.672777 0.327449
16260 0.040242 1.000228 0.672817 0.327411
16270 0.040266 1.000229 0.672857 0.327372
16280 0.040290 1.000231 0.672897 0.327334
16290 0.040314 1.000233 0.672938 0.327296
16300 0.040338 1.000236 0.672978 0.327258
16310 0.040362 1.000238 0.673018 0.327219
16320 0.040386 1.000239 0.673059 0.327181
16330 0.040409 1.000241 0.673099 0.327142
16340 0.040433 1.000243 0.673139 0.327103
16350 0.040457 1.000244 0.673180 0.327064
16360 0.040481 1.000246 0.673221 0.327025
16370 0.040505 1.000248 0.673262 0.326986
16380 0.040529 1.000250 0.673303 0.326947
16390 0.040553 1.000252 0.673344 0.326908
16400 0.040577 1.000254 0.673385 0.326869
16410 0.040600 1.000256 0.673426 0.326830
16420 0.040624 1.000257 0.673467 0.326790
16430 0.040648 1.000259 0.673508 0.326751
16440 0.040672 1.000260 0.673549 0.326711
16450 0.040696 1.000262 0.673591 0.326671
16460 0.040720 1.000264 0.673633 0.326632
16470 0.040744 1.000267 0.673675 0.326592
16480 0.040768 1.000269 0.673716 0.326552
16490 0.040791 1.000270 0.673758 0.326512
16500 0.040815 1.000272 0.673800 0.326472
16510 0.040839 1.000273 0.673842 0.326432
16520 0.040863 1.000275 0.673884 0.326391
16530 0.040887 1.000277 0.673926 0.326351
16540 0.040911 1.000279 0.673968 0.326310
16550 0.040935 1.000281 0.674011 0.326270
16560 0.040959 1.000283 0.674053 0.326230
16570 0.040983 1.000285 0.674096 0.326189
16580 0.041007 1.000286 0.674138 0.326148
16590 0.041030 1.000288 0.674180 0.326107
16600 0.041054 1.000289 0.674223 0.326066
16610 0.041078 1.000291 0.674266 0.326025
16620 0.041102 1.000293 0.674309 0.325984
16630 0.041126 1.000295 0.674352 0.325943
16640 0.041150 1.000297 0.674395 0.325902
16650 0.041174 1.000299 0.674438 0.325861
16660 0.041198 1.000300 0.674481 0.325819
16670 0.041222 1.000302 0.674524 0.325778
16680 0.041246 1.000303 0.674567 0.325736
16690 0.041270 1.000305 0.674611 0.325694
16700 0.041293 1.000307 0.674654 0.325653
16710 0.041317 1.000308 0.674698 0.325611
16720 0.041341 1.000310 0.674741 0.325569
16730 0.041365 1.000312 0.674785 0.325527
16740 0.041389 1.000314 0.674829 0.325485
16750 0.041413 1.000316 0.674873 0.325443
16760 0.041437 1.000318 0.674916 0.325401
16770 0.041461 1.000319 0.674960 0.325359
16780 0.041485 1.000320 0.675004 0.325316
16790 0.041509 1.000322 0.675048 0.325274
16800 0.041533 1.000324 0.675093 0.325231
16810 0.041557 1.000326 0.675137 0.325189
16820 0.041581 1.000328 0.675181 0.325147
16830 0.041605 1.000330 0.675226 0.325104
16840 0.041628 1.000331 0.675270 0.325061
16850 0.041652 1.000333 0.675315 0.325018
16860 0.041676 1.000334 0.675359 0.324975
16870 0.041700 1.000336 0.675404 0.324932
16880 0.041724 1.000338 0.675449 0.324889
16890 0.041748 1.000340 0.675494 0.324846
16900 0.041772 1.000342 0.675539 0.324803
16910 0.041796 1.000343 0.675584 0.324760
16920 0.041820 1.000345 0.675628 0.324716
16930 0.041844 1.000346 0.675673 0.324673
16940 0.041868 1.000348 0.675719 0.324629
16950 0.041892 1.000349 0.675764 0.324586
16960 0.041916 1.000351 0.675809 0.324542
16970 0.041940 1.000353 0.675855 0.324498
16980 0.041964 1.000355 0.675900 0.324455
16990 0.041988 1.000357 0.675946 0.324411
17000 0.042012 1.000358 0.675991 0.324367
17010 0.042036 1.000360 0.676037 0.324323
17020 0.042060 1.000361 0.676082 0.324279
17030 0.042084 1.000363 0.676128 0.324234
17040 0.042108 1.000364 0.676174 0.324190
17050 0.042132 1.000366 0.676220 0.324146
17060 0.042156 1.000368 0.676266 0.324102
17070 0.042179 1.000370 0.676312 0.324058
17080 0.042203 1.000372 0.676358 0.324013
17090 0.042227 1.000373 0.676404 0.323969
17100 0.042251 1.000374 0.676451 0.323924
17110 0.042275 1.000376 0.676497 0.323879
17120 0.042299 1.000377 0.676543 0.323834
17130 0.042323 1.000379 0.676590 0.323790
17140 0.042347 1.000381 0.676637 0.323745
17150 0.042371 1.000383 0.676683 0.323700
17160 0.042395 1.000385 0.676730 0.323655
17170 0.042419 1.000386 0.676776 0.323610
17180 0.042443 1.000388 0.676823 0.323565
17190 0.042467 1.000389 0.676870 0.323519
17200 0.042491 1.000390 0.676916 0.323474
17210 0.042515 1.000392 0.676964 0.323429
17220 0.042539 1.000394 0.677011 0.323383
17230 0.042563 1.000396 0.677058 0.323338
17240 0.042587 1.000398 0.677105 0.323293
17250 0.042611 1.000399 0.677152 0.323247
17260 0.042635 1.000401 0.677199 0.323201
17270 0.042659 1.000402 0.677246 0.323155
17280 0.042683 1.000403 0.677294 0.323110
17290 0.042707 1.000405 0.677341 0.323064
17300 0.042731 1.000407 0.677389 0.323018
17310 0.042755 1.000409 0.677437 0.322972
17320 0.042779 1.000411 0.677484 0.322926
17330 0.042803 1.000412 0.677532 0.322880
17340 0.042827 1.000414 0.677580 0.322834
17350 0.042851 1.000415 0.677627 0.322788
17360 0.042875 1.000416 0.677675 0.322741
17370 0.042899 1.000418 0.677723 0.322695
17380 0.042923 1.000420 0.677771 0.322648
17390 0.042947 1.000421 0.677819 0.322602
17400 0.042972 1.000423 0.677867 0.322556
17410 0.042996 1.000425 0.677916 0.322509
17420 0.043020 1.000426 0.677964 0.322463
17430 0.043044 1.000428 0.678012 0.322416
17440 0.043068 1.000429 0.678060 0.322369
17450 0.043092 1.000430 0.678109 0.322322
17460 0.043116 1.000432 0.678157 0.322275
17470 0.043140 1.000434 0.678206 0.322228
17480 0.043164 1.000436 0.678254 0.322181
17490 0.043188 1.000437 0.678303 0.322134
17500 0.043212 1.000439 0.678351 0.322087
17510 0.043236 1.000440 0.678400 0.322040
17520 0.043260 1.000441 0.678449 0.321993
17530 0.043284 1.000443 0.678498 0.321945
17540 0.043308 1.000445 0.678547 0.321898
17550 0.043332 1.000447 0.678596 0.321851
17560 0.043356 1.000448 0.678645 0.321803
17570 0.043380 1.000450 0.678694 0.321756
17580 0.043404 1.000451 0.678743 0.321708
17590 0.043428 1.000452 0.678792 0.321661
17600 0.043452 1.000454 0.678841 0.321613
17610 0.043477 1.000455 0.678890 0.321565
17620 0.043501 1.000457 0.678940 0.321517
17630 0.043525 1.000459 0.678989 0.321469
17640 0.043549 1.000461 0.679039 0.321422
17650 0.043573 1.000462 0.679088 0.321374
17660 0.043597 1.000464 0.679138 0.321326
17670 0.043621 1.000465 0.679187 0.321278
17680 0.043645 1.000466 0.679237 0.321229
17690 0.043669 1.000467 0.679286 0.321181
17700 0.043693 1.000469 0.679336 0.321133
17710 0.043717 1.000471 0.679386 0.321085
17720 0.043741 1.000473 0.679436 0.321037
17730 0.043765 1.000474 0.679486 0.320988
17740 0.043790 1.000476 0.679536 0.320940
17750 0.043814 1.000477 0.679586 0.320891
17760 0.043838 1.000478 0.679636 0.320842
17770 0.043862 1.000479 0.679686 0.320794
17780 0.043886 1.000481 0.679736 0.320745
17790 0.043910 1.000483 0.679786 0.320697
17800 0.043934 1.000485 0.679837 0.320648
17810 0.043958 1.000486 0.679887 0.320599
17820 0.043982 1.000488 0.679937 0.320550
17830 0.044006 1.000489 0.679988 0.320501
17840 0.044031 1.000490 0.680038 0.320452
17850 0.044055 1.000492 0.680088 0.320403
17860 0.044079 1.000493 0.680139 0.320354
17870 0.044103 1.000495 0.680190 0.320305
17880 0.044127 1.000497 0.680241 0.320256
17890 0.044151 1.000498 0.680291 0.320207
17900 0.044175 1.000500 0.680342 0.320158
17910 0.044199 1.000501 0.680392 0.320108
17920 0.044224 1.000502 0.680443 0.320059
17930 0.044248 1.000503 0.680494 0.320009
17940 0.044272 1.000505 0.680545 0.319960
17950 0.044296 1.000507 0.680596 0.319910
17960 0.044320 1.000508 0.680647 0.319861
17970 0.044344 1.000510 0.680698 0.319812
17980 0.044368 1.000511 0.680749 0.319762
17990 0.044392 1.000512 0.680800 0.319712
18000 0.044417 1.000514 0.680852 0.319662
18010 0.044441 1.000515 0.680903 0.319612
18020 0.044465 1.000517 0.680954 0.319562
18030 0.044489 1.000519 0.681006 0.319513
18040 0.044513 1.000520 0.681057 0.319463
18050 0.044537 1.000522 0.681109 0.319413
18060 0.044561 1.000523 0.681160 0.319363
18070 0.044586 1.000524 0.681211 0.319313
18080 0.044610 1.000525 0.681263 0.319263
18090 0.044634 1.000527 0.681314 0.319212
18100 0.044658 1.000528 0.681366 0.319162
18110 0.044682 1.000530 0.681418 0.319112
18120 0.044706 1.000532 0.681470 0.319062
18130 0.044731 1.000533 0.681522 0.319012
18140 0.044755 1.000535 0.681574 0.318961
18150 0.044779 1.000536 0.681625 0.318911
18160 0.044803 1.000537 0.681677 0.318860
18170 0.044827 1.000538 0.681729 0.318809
18180 0.044852 1.000540 0.681781 0.318759
18190 0.044876 1.000542 0.681833 0.318708
18200 0.044900 1.000543 0.681885 0.318658
18210 0.044924 1.000545 0.681938 0.318607
18220 0.044948 1.000546 0.681990 0.318556
18230 0.044972 1.000547 0.682042 0.318506
18240 0.044997 1.000548 0.682094 0.318455
18250 0.045021 1.000550 0.682146 0.318404
18260 0.045045 1.000551 0.682199 0.318353
18270 0.045069 1.000553 0.682251 0.318302
18280 0.045093 1.000555 0.682304 0.318251
18290 0.045118 1.000556 0.682356 0.318200
18300 0.045142 1.000557 0.682408 0.318149
18310 0.045166 1.000558 0.682461 0.318098
18320 0.045190 1.000560 0.682513 0.318046
18330 0.045215 1.000561 0.682566 0.317995
18340 0.045239 1.000563 0.682619 0.317944
18350 0.045263 1.000564 0.682672 0.317893
18360 0.045287 1.000566 0.682724 0.317842
18370 0.045311 1.000567 0.682777 0.317790
18380 0.045336 1.000569 0.682830 0.317739
18390 0.045360 1.000570 0.682882 0.317687
18400 0.045384 1.000571 0.682935 0.317636
18410 0.045408 1.000572 0.682988 0.317584
18420 0.045433 1.000574 0.683041 0.317532
18430 0.045457 1.000576 0.683095 0.317481
18440 0.045481 1.000577 0.683148 0.317429
18450 0.045505 1.000579 0.683201 0.317378
18460 0.045530 1.000580 0.683254 0.317326
18470 0.045554 1.000581 0.683307 0.317274
18480 0.045578 1.000582 0.683360 0.317222
18490 0.045602 1.000583 0.683413 0.317170
18500 0.045627 1.000585 0.683466 0.317118
18510 0.045651 1.000587 0.683520 0.317067
18520 0.045675 1.000588 0.683573 0.317015
18530 0.045699 1.000590 0.683627 0.316963
18540 0.045724 1.000591 0.683680 0.316911
18550 0.045748 1.000592 0.683733 0.316859
18560 0.045772 1.000593 0.683787 0.316806
18570 0.045796 1.000594 0.683840 0.316754
18580 0.045821 1.000596 0.683894 0.316702
18590 0.045845 1.000598 0.683948 0.316650
18600 0.045869 1.000599 0.684001 0.316598
18610 0.045893 1.000600 0.684055 0.316546
18620 0.045918 1.000602 0.684108 0.316493
18630 0.045942 1.000603 0.684162 0.316441
18640 0.045966 1.000604 0.684216 0.316388
18650 0.045991 1.000605 0.684270 0.316336
18660 0.046015 1.000607 0.684324 0.316283
18670 0.046039 1.000609 0.684378 0.316231
18680 0.046064 1.000610 0.684431 0.316179
18690 0.046088 1.000611 0.684485 0.316126
18700 0.046112 1.000612 0.684539 0.316073
18710 0.046136 1.000613 0.684593 0.316021
18720 0.046161 1.000615 0.684647 0.315968
18730 0.046185 1.000616 0.684701 0.315915
18740 0.046209 1.000618 0.684755 0.315862
18750 0.046234 1.000619 0.684810 0.315810
18760 0.046258 1.000621 0.684864 0.315757
18770 0.046282 1.000622 0.684918 0.315704
18780 0.046307 1.000623 0.684972 0.315651
18790 0.046331 1.000624 0.685026 0.315598
18800 0.046355 1.000625 0.685080 0.315545
18810 0.046380 1.000627 0.685135 0.315492
18820 0.046404 1.000629 0.685189 0.315439
18830 0.046428 1.000630 0.685244 0.315386
18840 0.046453 1.000632 0.685298 0.315333
18850 0.046477 1.000633 0.685352 0.315280
18860 0.046501 1.000634 0.685407 0.315227
18870 0.046526 1.000635 0.685461 0.315174
18880 0.046550 1.000636 0.685516 0.315120
18890 0.046574 1.000638 0.685570 0.315067
18900 0.046599 1.000639 0.685625 0.315014
18910 0.046623 1.000641 0.685680 0.314961
18920 0.046647 1.000642 0.685734 0.314908
18930 0.046672 1.000643 0.685789 0.314854
18940 0.046696 1.000644 0.685843 0.314801
18950 0.046721 1.000645 0.685898 0.314747
18960 0.046745 1.000647 0.685953 0.314694
18970 0.046769 1.000648 0.686008 0.314640
18980 0.046794 1.000650 0.686063 0.314587
18990 0.046818 1.000651 0.686118 0.314534
19000 0.046842 1.000653 0.686172 0.314480
19010 0.046867 1.000654 0.686227 0.314426
19020 0.046891 1.000655 0.686282 0.314373
19030 0.046916 1.000656 0.686337 0.314319
19040 0.046940 1.000657 0.686392 0.314265
19050 0.046964 1.000659 0.686447 0.314212
19060 0.046989 1.000660 0.686502 0.314158
19070 0.047013 1.000662 0.686558 0.314104
19080 0.047038 1.000663 0.686613 0.314050
19090 0.047062 1.000664 0.686667 0.313996
19100 0.047086 1.000665 0.686723 0.313942
19110 0.047111 1.000666 0.686778 0.313888
19120 0.047135 1.000668 0.686833 0.313835
19130 0.047160 1.000669 0.686888 0.313781
19140 0.047184 1.000671 0.686944 0.313727
19150 0.047208 1.000672 0.686999 0.313673
19160 0.047233 1.000673 0.687054 0.313619
19170 0.047257 1.000674 0.687109 0.313565
19180 0.047282 1.000675 0.687165 0.313511
19190 0.047306 1.000677 0.687220 0.313456
19200 0.047331 1.000678 0.687276 0.313402
19210 0.047355 1.000680 0.687331 0.313348
19220 0.047379 1.000681 0.687387 0.313294
19230 0.047404 1.000682 0.687442 0.313240
19240 0.047428 1.000683 0.687497 0.313186
19250 0.047453 1.000684 0.687553 0.313131
19260 0.047477 1.000685 0.687608 0.313077
19270 0.047502 1.000687 0.687664 0.313023
19280 0.047526 1.000689 0.687720 0.312969
19290 0.047551 1.000690 0.687776 0.312914
19300 0.047575 1.000691 0.687831 0.312860
19310 0.047600 1.000692 0.687887 0.312806
19320 0.047624 1.000693 0.687942 0.312751
19330 0.047649 1.000694 0.687998 0.312696
19340 0.047673 1.000696 0.688054 0.312642
19350 0.047697 1.000697 0.688110 0.312587
19360 0.047722 1.000699 0.688166 0.312533
19370 0.047746 1.000700 0.688222 0.312479
19380 0.047771 1.000701 0.688277 0.312424
19390 0.047795 1.000702 0.688333 0.312369
19400 0.047820 1.000703 0.688389 0.312315
19410 0.047844 1.000705 0.688445 0.312260
19420 0.047869 1.000706 0.688501 0.312205
19430 0.047893 1.000707 0.688557 0.312151
19440 0.047918 1.000709 0.688613 0.312096
19450 0.047942 1.000710 0.688669 0.312041
19460 0.047967 1.000711 0.688725 0.311986
19470 0.047991 1.000712 0.688781 0.311932
19480 0.048016 1.000713 0.688837 0.311877
19490 0.048040 1.000715 0.688893 0.311822
19500 0.048065 1.000716 0.688949 0.311767
19510 0.048090 1.000718 0.689005 0.311712
19520 0.048114 1.000719 0.689062 0.311657
19530 0.048139 1.000720 0.689118 0.311603
19540 0.048163 1.000721 0.689174 0.311547
19550 0.048188 1.000722 0.689230 0.311492
19560 0.048212 1.000723 0.689286 0.311437
19570 0.048237 1.000725 0.689342 0.311382
19580 0.048261 1.000726 0.689399 0.311327
19590 0.048286 1.000728 0.689455 0.311273
19600 0.048310 1.000729 0.689511 0.311218
19610 0.048335 1.000730 0.689567 0.311162
19620 0.048359 1.000731 0.689624 0.311107
19630 0.048384 1.000732 0.689680 0.311052
19640 0.048409 1.000733 0.689736 0.310997
19650 0.048433 1.000735 0.689793 0.310942
19660 0.048458 1.000736 0.689850 0.310887
19670 0.048482 1.000737 0.689906 0.310831
19680 0.048507 1.000738 0.689962 0.310776
19690 0.048531 1.000739 0.690019 0.310721
19700 0.048556 1.000740 0.690075 0.310665
19710 0.048581 1.000742 0.690132 0.310610
19720 0.048605 1.000743 0.690188 0.310555
19730 0.048630 1.000745 0.690245 0.310500
19740 0.048654 1.000746 0.690302 0.310444
19750 0.048679 1.000747 0.690358 0.310389
19760 0.048704 1.000748 0.690414 0.310334
19770 0.048728 1.000749 0.690471 0.310278
19780 0.048753 1.000750 0.690527 0.310223
19790 0.048777 1.000751 0.690584 0.310167
19800 0.048802 1.000753 0.690641 0.310112
19810 0.048827 1.000754 0.690698 0.310056
19820 0.048851 1.000756 0.690755 0.310001
19830 0.048876 1.000757 0.690811 0.309946
19840 0.048901 1.000758 0.690868 0.309890
19850 0.048925 1.000759 0.690924 0.309834
19860 0.048950 1.000760 0.690981 0.309779
19870 0.048974 1.000761 0.691038 0.309723
19880 0.048999 1.000763 0.691095 0.309668
19890 0.049024 1.000764 0.691152 0.309612
19900 0.049048 1.000765 0.691209 0.309557
19910 0.049073 1.000766 0.691265 0.309501
19920 0.049098 1.000767 0.691322 0.309445
19930 0.049122 1.000768 0.691379 0.309389
19940 0.049147 1.000770 0.691436 0.309334
19950 0.049172 1.000771 0.691493 0.309278
19960 0.049196 1.000773 0.691550 0.309222
19970 0.049221 1.000774 0.691607 0.309167
19980 0.049246 1.000775 0.691664 0.309111
19990 0.049270 1.000775 0.691720 0.309055
